exec device =  cpu
verification device =  cpu
/leonardo/home/userexternal/fgiacoma/repos/Latent_Distilled_Diffusion_4_Cert/Cert_algs
/leonardo/home/userexternal/fgiacoma/repos/Latent_Distilled_Diffusion_4_Cert
verification device =  cpu
exec device =  cpu
test_data size:  157
Autoencoder loaded from: ./save/fVAE/fVAE_446/vae_model.pth
x device is cpu
False
decoded shape is torch.Size([64, 1, 28, 28])
shape to be decoded is torch.Size([2])
decoded shape is torch.Size([1, 1, 28, 28])
xx device is cpu
xx shape is torch.Size([64, 2])
Original VAE decoder prediction: tensor([[[[6.7316e-12, 1.3808e-13, 7.2870e-12, 5.0107e-12, 1.1018e-11,
           1.8454e-13, 3.0827e-12, 1.8950e-12, 1.4021e-11, 8.1061e-13,
           3.5289e-09, 1.9644e-12, 3.5527e-13, 2.1848e-11, 9.3945e-13,
           9.0016e-11, 3.6955e-11, 1.5874e-12, 4.7057e-12, 9.9819e-13,
           1.6265e-11, 4.9313e-11, 1.3062e-11, 5.6768e-12, 7.4366e-12,
           8.3717e-11, 2.6864e-13, 4.8179e-12],
          [1.3024e-11, 7.3945e-12, 9.5606e-12, 8.6869e-10, 2.1803e-11,
           2.3671e-11, 5.6964e-12, 1.8396e-11, 6.8011e-13, 3.1006e-11,
           3.6237e-14, 4.4875e-16, 4.1106e-15, 8.1017e-17, 1.1939e-13,
           2.3461e-13, 1.8204e-12, 3.6394e-14, 1.2734e-13, 7.1627e-15,
           1.1366e-12, 5.5511e-10, 6.2132e-12, 2.5259e-11, 8.3552e-12,
           8.3881e-11, 6.0307e-14, 5.3834e-12],
          [1.0317e-10, 6.1586e-12, 4.6608e-12, 2.8144e-12, 2.7072e-11,
           1.3641e-12, 2.9473e-11, 5.2309e-13, 4.7068e-13, 8.3672e-13,
           5.8269e-14, 8.7065e-13, 7.9528e-12, 2.1822e-12, 2.8036e-15,
           2.6508e-16, 4.2819e-18, 1.2002e-22, 6.9698e-26, 1.2539e-31,
           8.6051e-27, 5.0983e-24, 2.1914e-21, 5.5949e-14, 5.4108e-10,
           5.8256e-12, 9.3190e-13, 1.2809e-11],
          [1.3170e-11, 2.2619e-12, 5.0650e-11, 3.4558e-13, 5.6276e-11,
           1.1067e-09, 2.6576e-12, 6.5858e-13, 1.1264e-09, 4.1330e-04,
           4.8992e-04, 4.2217e-03, 9.8940e-03, 5.6247e-03, 6.6314e-03,
           6.2524e-03, 3.6165e-03, 3.7620e-04, 1.3778e-08, 1.6010e-17,
           2.4605e-21, 5.5764e-22, 6.7616e-19, 2.2642e-16, 1.0320e-11,
           2.5803e-12, 4.5826e-12, 1.5715e-11],
          [6.2256e-11, 4.5748e-11, 3.9162e-13, 6.1122e-10, 1.6837e-05,
           3.9190e-04, 1.3530e-03, 5.8518e-03, 1.2469e-02, 4.5536e-02,
           8.2720e-02, 2.2738e-01, 4.6691e-01, 4.6638e-01, 2.7678e-01,
           1.9274e-01, 8.3307e-02, 3.8742e-02, 1.4764e-02, 4.2287e-03,
           1.7784e-04, 8.8918e-06, 1.4355e-05, 1.1955e-05, 1.3675e-06,
           3.4568e-11, 3.2111e-10, 5.5117e-11],
          [2.8117e-12, 2.5713e-11, 3.6729e-11, 1.7728e-06, 2.0682e-06,
           1.7964e-04, 1.6990e-03, 1.4677e-02, 7.1906e-02, 2.3180e-01,
           4.5877e-01, 6.3438e-01, 7.4354e-01, 6.8999e-01, 6.6467e-01,
           5.6076e-01, 3.8769e-01, 2.8278e-01, 1.6687e-01, 1.0520e-01,
           4.8595e-02, 5.3268e-03, 2.7409e-04, 4.6630e-05, 4.0841e-05,
           2.9216e-10, 1.7665e-13, 1.5753e-10],
          [2.4557e-12, 3.9616e-12, 2.9532e-11, 4.7588e-08, 4.7769e-06,
           3.2884e-04, 6.3158e-03, 5.3631e-02, 2.5048e-01, 6.5028e-01,
           8.5836e-01, 8.7638e-01, 7.9564e-01, 7.6696e-01, 8.1320e-01,
           7.1421e-01, 6.9920e-01, 6.4298e-01, 5.1173e-01, 2.8166e-01,
           1.5894e-01, 5.2524e-02, 8.2320e-03, 1.1166e-03, 4.0110e-04,
           5.3212e-11, 1.9675e-12, 1.7529e-12],
          [4.2834e-12, 1.3072e-10, 9.9809e-11, 3.2426e-08, 1.0715e-05,
           2.8930e-03, 3.6187e-02, 3.5173e-01, 7.7046e-01, 9.3700e-01,
           9.6005e-01, 8.8267e-01, 7.4523e-01, 7.2430e-01, 6.6546e-01,
           6.4470e-01, 7.5739e-01, 8.0242e-01, 7.3657e-01, 5.8556e-01,
           4.2711e-01, 2.0317e-01, 7.9200e-02, 1.5244e-02, 2.1042e-03,
           7.6782e-11, 1.2537e-11, 7.8100e-13],
          [5.5580e-12, 4.3669e-12, 7.3171e-12, 3.8702e-08, 1.4083e-04,
           1.8394e-02, 2.1351e-01, 7.9988e-01, 9.4433e-01, 9.6658e-01,
           8.5858e-01, 6.1065e-01, 4.0388e-01, 3.5145e-01, 3.6823e-01,
           3.6816e-01, 4.8436e-01, 6.5925e-01, 7.9052e-01, 7.7175e-01,
           7.5207e-01, 5.5715e-01, 1.8023e-01, 3.1907e-02, 1.8345e-03,
           4.1726e-12, 5.2419e-13, 1.8626e-13],
          [3.2171e-12, 8.3767e-13, 2.0564e-10, 3.7217e-05, 2.5354e-03,
           9.8076e-02, 6.4733e-01, 9.5073e-01, 9.7788e-01, 8.9001e-01,
           4.6889e-01, 1.5521e-01, 1.0086e-01, 1.4164e-01, 1.1607e-01,
           1.0831e-01, 1.4168e-01, 3.1653e-01, 5.6395e-01, 7.5117e-01,
           7.9780e-01, 7.5168e-01, 4.6686e-01, 5.6104e-02, 9.4307e-03,
           2.0121e-12, 3.3607e-15, 1.0484e-12],
          [3.4702e-12, 3.0543e-13, 2.4248e-10, 8.2584e-05, 2.1716e-03,
           3.6577e-01, 8.2842e-01, 9.7955e-01, 9.7002e-01, 4.8859e-01,
           9.8763e-02, 2.7701e-02, 2.8062e-02, 3.5397e-02, 2.8273e-02,
           2.1932e-02, 5.5373e-02, 1.5390e-01, 3.1870e-01, 4.5448e-01,
           6.5457e-01, 7.8497e-01, 8.3679e-01, 2.7480e-01, 2.1357e-02,
           1.3597e-11, 1.4679e-14, 3.4112e-10],
          [2.0974e-12, 3.5878e-11, 3.1745e-12, 9.3026e-06, 1.7852e-02,
           5.5007e-01, 9.0655e-01, 9.7733e-01, 8.1142e-01, 1.3695e-01,
           2.2471e-02, 6.9237e-03, 8.5870e-03, 1.2996e-02, 2.7339e-02,
           3.2815e-02, 6.3788e-02, 1.0813e-01, 1.6798e-01, 2.3688e-01,
           4.3485e-01, 7.5342e-01, 9.6614e-01, 6.0381e-01, 9.6858e-02,
           5.0391e-08, 6.1954e-14, 6.4896e-11],
          [2.5044e-12, 1.7729e-12, 1.9463e-11, 2.9948e-12, 2.8705e-03,
           5.9576e-01, 9.3998e-01, 9.7990e-01, 2.9771e-01, 3.5359e-02,
           1.0388e-02, 4.9472e-03, 4.5258e-03, 1.1053e-02, 2.2487e-02,
           2.5684e-02, 3.8098e-02, 3.6177e-02, 2.6830e-02, 3.4381e-02,
           1.8139e-01, 5.6711e-01, 9.7700e-01, 8.4735e-01, 3.1013e-01,
           9.6112e-09, 1.9752e-13, 4.6453e-11],
          [3.5009e-11, 9.5394e-12, 7.8137e-11, 2.5338e-14, 3.2929e-02,
           7.5168e-01, 9.5692e-01, 9.2029e-01, 1.4875e-01, 1.8301e-02,
           6.9092e-03, 6.6672e-03, 5.4714e-03, 2.1051e-02, 8.0051e-03,
           1.2990e-02, 1.0037e-02, 3.7846e-03, 2.9715e-03, 4.7801e-03,
           3.8317e-02, 3.2283e-01, 8.9711e-01, 9.5134e-01, 5.0618e-01,
           1.2954e-09, 2.0896e-10, 2.4945e-12],
          [3.7092e-11, 5.5791e-12, 4.5554e-12, 5.7748e-13, 4.8295e-02,
           8.4662e-01, 9.6683e-01, 6.5881e-01, 1.3096e-01, 1.3356e-02,
           5.3079e-03, 4.0482e-03, 1.0957e-02, 2.0082e-02, 4.7496e-03,
           3.7075e-03, 8.8614e-04, 3.1820e-04, 3.3518e-04, 6.1275e-04,
           1.0207e-02, 1.4278e-01, 8.5638e-01, 9.7781e-01, 6.4521e-01,
           2.3361e-11, 1.5210e-13, 1.5650e-11],
          [6.0225e-11, 1.0286e-10, 4.5927e-10, 3.1455e-07, 6.3089e-02,
           8.3478e-01, 9.7244e-01, 5.2438e-01, 1.1821e-01, 1.9395e-02,
           8.5422e-03, 5.7756e-03, 1.0493e-02, 8.1231e-03, 1.9538e-03,
           1.4713e-03, 1.8680e-04, 1.2613e-04, 9.0889e-05, 3.1922e-04,
           6.3051e-03, 1.3315e-01, 9.7279e-01, 9.7840e-01, 7.1833e-01,
           3.0493e-12, 1.3864e-13, 4.0205e-12],
          [1.0256e-11, 3.4347e-11, 6.8006e-10, 5.5694e-07, 5.0993e-02,
           6.9700e-01, 9.6701e-01, 5.7517e-01, 2.0876e-01, 2.7752e-02,
           9.6623e-03, 6.3105e-03, 7.6893e-03, 1.0781e-03, 1.0582e-03,
           4.7925e-04, 1.0985e-04, 6.1410e-05, 4.3986e-05, 3.3282e-04,
           1.5756e-02, 1.8690e-01, 9.9432e-01, 9.7306e-01, 6.3114e-01,
           1.1038e-14, 5.5782e-16, 6.1945e-12],
          [1.2171e-10, 4.9349e-11, 2.7940e-10, 3.7782e-09, 4.2182e-02,
           5.1301e-01, 9.3842e-01, 7.1040e-01, 3.7339e-01, 7.7059e-02,
           2.8425e-02, 1.0075e-02, 6.1871e-04, 4.4735e-05, 3.3157e-05,
           1.8632e-05, 2.3630e-05, 2.7301e-05, 8.7308e-05, 2.4983e-03,
           4.9500e-02, 6.0676e-01, 9.9373e-01, 9.2769e-01, 3.4436e-01,
           4.5225e-16, 2.5386e-17, 1.1286e-11],
          [7.0120e-12, 3.6263e-11, 8.9782e-14, 8.1100e-11, 3.2994e-02,
           2.6103e-01, 8.7867e-01, 7.9071e-01, 6.2875e-01, 2.9633e-01,
           1.2211e-01, 4.3800e-02, 6.3753e-04, 6.3524e-05, 2.4233e-04,
           2.1828e-04, 2.8199e-04, 1.9879e-04, 9.7502e-04, 2.5610e-02,
           3.2013e-01, 9.9779e-01, 9.8878e-01, 8.0127e-01, 1.9809e-01,
           4.6720e-15, 4.5316e-19, 5.4587e-12],
          [1.3305e-11, 6.5415e-11, 2.1830e-14, 3.3116e-12, 1.7088e-02,
           1.2478e-01, 7.2614e-01, 8.2486e-01, 8.0454e-01, 5.5939e-01,
           3.3209e-01, 1.8548e-01, 4.4399e-02, 2.0751e-03, 5.9628e-02,
           5.3507e-02, 2.5914e-02, 1.2980e-02, 3.3151e-02, 3.1010e-01,
           8.0879e-01, 9.9735e-01, 9.4132e-01, 4.7517e-01, 7.9621e-03,
           1.4630e-17, 2.6042e-16, 1.3121e-11],
          [4.6862e-11, 3.3834e-10, 3.1993e-14, 4.4753e-13, 2.9619e-03,
           1.0158e-01, 3.5509e-01, 7.0538e-01, 7.9739e-01, 8.2029e-01,
           6.9537e-01, 5.8559e-01, 4.2623e-01, 3.2814e-01, 3.8241e-01,
           3.9905e-01, 3.5338e-01, 2.9352e-01, 5.0880e-01, 8.2843e-01,
           9.9779e-01, 9.6499e-01, 6.5637e-01, 4.8011e-02, 4.1261e-12,
           6.0123e-18, 1.9894e-15, 4.7449e-12],
          [7.1672e-13, 6.9924e-10, 7.9302e-12, 3.5492e-12, 4.4740e-04,
           3.7142e-02, 1.2883e-01, 3.8994e-01, 6.2770e-01, 7.8427e-01,
           8.8577e-01, 8.2334e-01, 7.3545e-01, 7.2633e-01, 7.7096e-01,
           7.1028e-01, 7.6616e-01, 8.3131e-01, 8.6487e-01, 9.8415e-01,
           9.3116e-01, 6.5327e-01, 1.3227e-01, 5.9644e-03, 4.5418e-12,
           3.0218e-17, 6.1136e-11, 2.8425e-12],
          [2.3329e-12, 5.0494e-11, 7.9691e-11, 4.3417e-11, 1.4308e-04,
           3.2297e-03, 2.4478e-02, 1.0020e-01, 3.4009e-01, 5.7481e-01,
           7.6701e-01, 8.5881e-01, 8.7280e-01, 8.8232e-01, 8.7708e-01,
           9.1491e-01, 9.1357e-01, 8.6675e-01, 8.3529e-01, 7.5367e-01,
           4.0322e-01, 6.6908e-02, 8.4293e-03, 1.8099e-03, 5.8476e-15,
           9.4348e-14, 9.6408e-11, 1.9982e-11],
          [1.4153e-11, 1.9652e-12, 2.4185e-09, 4.2947e-09, 1.2550e-04,
           9.0958e-05, 1.6449e-03, 9.6283e-03, 4.2599e-02, 1.0886e-01,
           2.7789e-01, 4.3020e-01, 6.0337e-01, 6.2967e-01, 5.4661e-01,
           5.4345e-01, 5.5329e-01, 4.5961e-01, 3.1978e-01, 1.0189e-01,
           1.2620e-02, 1.8220e-03, 6.9403e-05, 7.9404e-08, 8.2189e-13,
           2.4458e-11, 1.5475e-12, 1.8544e-11],
          [3.0933e-12, 5.9073e-12, 2.1015e-09, 4.3616e-08, 8.9125e-07,
           8.2366e-06, 3.8737e-04, 8.8213e-04, 1.2712e-03, 8.0468e-03,
           2.5342e-02, 4.1726e-02, 1.1523e-01, 1.6825e-01, 1.8628e-01,
           1.9403e-01, 1.4689e-01, 1.8724e-02, 7.4100e-04, 9.2009e-05,
           1.4751e-05, 1.5263e-06, 1.3717e-08, 3.5529e-12, 1.0849e-10,
           4.8326e-11, 4.5714e-11, 1.1145e-11],
          [2.1550e-12, 2.7908e-11, 2.6886e-12, 2.5724e-11, 2.2123e-16,
           1.1332e-20, 1.1056e-19, 4.1389e-07, 1.1906e-07, 1.8730e-08,
           2.7873e-07, 1.7109e-06, 1.4397e-05, 8.0081e-05, 6.1010e-05,
           5.3500e-05, 2.2551e-06, 6.4866e-07, 7.7034e-07, 2.9645e-15,
           3.6417e-14, 4.8909e-14, 2.7173e-14, 5.2488e-11, 1.5866e-12,
           9.8714e-11, 1.0880e-11, 2.3335e-12],
          [1.5278e-12, 8.0820e-12, 3.8720e-10, 2.2529e-12, 1.7859e-12,
           4.3105e-19, 6.3635e-22, 2.6378e-21, 1.2582e-20, 2.3906e-21,
           4.5205e-19, 2.2967e-16, 1.2693e-14, 1.4600e-12, 1.6059e-12,
           1.1342e-12, 4.2335e-13, 2.3397e-14, 1.6889e-13, 3.1612e-14,
           6.8710e-16, 5.1583e-14, 5.0858e-10, 6.2713e-11, 2.2282e-12,
           6.0563e-13, 2.7287e-12, 1.3663e-11],
          [4.7929e-10, 8.5541e-13, 6.0098e-13, 2.9020e-12, 2.8629e-12,
           1.9971e-11, 2.7353e-12, 3.4358e-14, 1.7025e-14, 2.0521e-11,
           1.4204e-15, 1.7328e-17, 3.0107e-10, 6.7957e-13, 1.0530e-11,
           1.7861e-11, 5.3469e-12, 7.6586e-13, 2.1022e-12, 4.4193e-12,
           7.1566e-11, 6.8938e-13, 4.0584e-11, 1.4588e-11, 2.7156e-11,
           4.5747e-11, 3.7133e-11, 3.3024e-11]]]], grad_fn=<ViewBackward0>)
z pivot shape =  torch.Size([2])
vanilla test started
Original model prediction: tensor([[[[6.7316e-12, 1.3808e-13, 7.2870e-12, 5.0107e-12, 1.1018e-11,
           1.8454e-13, 3.0827e-12, 1.8950e-12, 1.4021e-11, 8.1061e-13,
           3.5289e-09, 1.9644e-12, 3.5527e-13, 2.1848e-11, 9.3945e-13,
           9.0016e-11, 3.6955e-11, 1.5874e-12, 4.7057e-12, 9.9819e-13,
           1.6265e-11, 4.9313e-11, 1.3062e-11, 5.6768e-12, 7.4366e-12,
           8.3717e-11, 2.6864e-13, 4.8179e-12],
          [1.3024e-11, 7.3945e-12, 9.5606e-12, 8.6869e-10, 2.1803e-11,
           2.3671e-11, 5.6964e-12, 1.8396e-11, 6.8011e-13, 3.1006e-11,
           3.6237e-14, 4.4875e-16, 4.1106e-15, 8.1017e-17, 1.1939e-13,
           2.3461e-13, 1.8204e-12, 3.6394e-14, 1.2734e-13, 7.1627e-15,
           1.1366e-12, 5.5511e-10, 6.2132e-12, 2.5259e-11, 8.3552e-12,
           8.3881e-11, 6.0307e-14, 5.3834e-12],
          [1.0317e-10, 6.1586e-12, 4.6608e-12, 2.8144e-12, 2.7072e-11,
           1.3641e-12, 2.9473e-11, 5.2309e-13, 4.7068e-13, 8.3672e-13,
           5.8269e-14, 8.7065e-13, 7.9528e-12, 2.1822e-12, 2.8036e-15,
           2.6508e-16, 4.2819e-18, 1.2002e-22, 6.9698e-26, 1.2539e-31,
           8.6051e-27, 5.0983e-24, 2.1914e-21, 5.5949e-14, 5.4108e-10,
           5.8256e-12, 9.3190e-13, 1.2809e-11],
          [1.3170e-11, 2.2619e-12, 5.0650e-11, 3.4558e-13, 5.6276e-11,
           1.1067e-09, 2.6576e-12, 6.5858e-13, 1.1264e-09, 4.1330e-04,
           4.8992e-04, 4.2217e-03, 9.8940e-03, 5.6247e-03, 6.6314e-03,
           6.2524e-03, 3.6165e-03, 3.7620e-04, 1.3778e-08, 1.6010e-17,
           2.4605e-21, 5.5764e-22, 6.7616e-19, 2.2642e-16, 1.0320e-11,
           2.5803e-12, 4.5826e-12, 1.5715e-11],
          [6.2256e-11, 4.5748e-11, 3.9162e-13, 6.1122e-10, 1.6837e-05,
           3.9190e-04, 1.3530e-03, 5.8518e-03, 1.2469e-02, 4.5536e-02,
           8.2720e-02, 2.2738e-01, 4.6691e-01, 4.6638e-01, 2.7678e-01,
           1.9274e-01, 8.3307e-02, 3.8742e-02, 1.4764e-02, 4.2287e-03,
           1.7784e-04, 8.8918e-06, 1.4355e-05, 1.1955e-05, 1.3675e-06,
           3.4568e-11, 3.2111e-10, 5.5117e-11],
          [2.8117e-12, 2.5713e-11, 3.6729e-11, 1.7728e-06, 2.0682e-06,
           1.7964e-04, 1.6990e-03, 1.4677e-02, 7.1906e-02, 2.3180e-01,
           4.5877e-01, 6.3438e-01, 7.4354e-01, 6.8999e-01, 6.6467e-01,
           5.6076e-01, 3.8769e-01, 2.8278e-01, 1.6687e-01, 1.0520e-01,
           4.8595e-02, 5.3268e-03, 2.7409e-04, 4.6630e-05, 4.0841e-05,
           2.9216e-10, 1.7665e-13, 1.5753e-10],
          [2.4557e-12, 3.9616e-12, 2.9532e-11, 4.7588e-08, 4.7769e-06,
           3.2884e-04, 6.3158e-03, 5.3631e-02, 2.5048e-01, 6.5028e-01,
           8.5836e-01, 8.7638e-01, 7.9564e-01, 7.6696e-01, 8.1320e-01,
           7.1421e-01, 6.9920e-01, 6.4298e-01, 5.1173e-01, 2.8166e-01,
           1.5894e-01, 5.2524e-02, 8.2320e-03, 1.1166e-03, 4.0110e-04,
           5.3212e-11, 1.9675e-12, 1.7529e-12],
          [4.2834e-12, 1.3072e-10, 9.9809e-11, 3.2426e-08, 1.0715e-05,
           2.8930e-03, 3.6187e-02, 3.5173e-01, 7.7046e-01, 9.3700e-01,
           9.6005e-01, 8.8267e-01, 7.4523e-01, 7.2430e-01, 6.6546e-01,
           6.4470e-01, 7.5739e-01, 8.0242e-01, 7.3657e-01, 5.8556e-01,
           4.2711e-01, 2.0317e-01, 7.9200e-02, 1.5244e-02, 2.1042e-03,
           7.6782e-11, 1.2537e-11, 7.8100e-13],
          [5.5580e-12, 4.3669e-12, 7.3171e-12, 3.8702e-08, 1.4083e-04,
           1.8394e-02, 2.1351e-01, 7.9988e-01, 9.4433e-01, 9.6658e-01,
           8.5858e-01, 6.1065e-01, 4.0388e-01, 3.5145e-01, 3.6823e-01,
           3.6816e-01, 4.8436e-01, 6.5925e-01, 7.9052e-01, 7.7175e-01,
           7.5207e-01, 5.5715e-01, 1.8023e-01, 3.1907e-02, 1.8345e-03,
           4.1726e-12, 5.2419e-13, 1.8626e-13],
          [3.2171e-12, 8.3767e-13, 2.0564e-10, 3.7217e-05, 2.5354e-03,
           9.8076e-02, 6.4733e-01, 9.5073e-01, 9.7788e-01, 8.9001e-01,
           4.6889e-01, 1.5521e-01, 1.0086e-01, 1.4164e-01, 1.1607e-01,
           1.0831e-01, 1.4168e-01, 3.1653e-01, 5.6395e-01, 7.5117e-01,
           7.9780e-01, 7.5168e-01, 4.6686e-01, 5.6104e-02, 9.4307e-03,
           2.0121e-12, 3.3607e-15, 1.0484e-12],
          [3.4702e-12, 3.0543e-13, 2.4248e-10, 8.2584e-05, 2.1716e-03,
           3.6577e-01, 8.2842e-01, 9.7955e-01, 9.7002e-01, 4.8859e-01,
           9.8763e-02, 2.7701e-02, 2.8062e-02, 3.5397e-02, 2.8273e-02,
           2.1932e-02, 5.5373e-02, 1.5390e-01, 3.1870e-01, 4.5448e-01,
           6.5457e-01, 7.8497e-01, 8.3679e-01, 2.7480e-01, 2.1357e-02,
           1.3597e-11, 1.4679e-14, 3.4112e-10],
          [2.0974e-12, 3.5878e-11, 3.1745e-12, 9.3026e-06, 1.7852e-02,
           5.5007e-01, 9.0655e-01, 9.7733e-01, 8.1142e-01, 1.3695e-01,
           2.2471e-02, 6.9237e-03, 8.5870e-03, 1.2996e-02, 2.7339e-02,
           3.2815e-02, 6.3788e-02, 1.0813e-01, 1.6798e-01, 2.3688e-01,
           4.3485e-01, 7.5342e-01, 9.6614e-01, 6.0381e-01, 9.6858e-02,
           5.0391e-08, 6.1954e-14, 6.4896e-11],
          [2.5044e-12, 1.7729e-12, 1.9463e-11, 2.9948e-12, 2.8705e-03,
           5.9576e-01, 9.3998e-01, 9.7990e-01, 2.9771e-01, 3.5359e-02,
           1.0388e-02, 4.9472e-03, 4.5258e-03, 1.1053e-02, 2.2487e-02,
           2.5684e-02, 3.8098e-02, 3.6177e-02, 2.6830e-02, 3.4381e-02,
           1.8139e-01, 5.6711e-01, 9.7700e-01, 8.4735e-01, 3.1013e-01,
           9.6112e-09, 1.9752e-13, 4.6453e-11],
          [3.5009e-11, 9.5394e-12, 7.8137e-11, 2.5338e-14, 3.2929e-02,
           7.5168e-01, 9.5692e-01, 9.2029e-01, 1.4875e-01, 1.8301e-02,
           6.9092e-03, 6.6672e-03, 5.4714e-03, 2.1051e-02, 8.0051e-03,
           1.2990e-02, 1.0037e-02, 3.7846e-03, 2.9715e-03, 4.7801e-03,
           3.8317e-02, 3.2283e-01, 8.9711e-01, 9.5134e-01, 5.0618e-01,
           1.2954e-09, 2.0896e-10, 2.4945e-12],
          [3.7092e-11, 5.5791e-12, 4.5554e-12, 5.7748e-13, 4.8295e-02,
           8.4662e-01, 9.6683e-01, 6.5881e-01, 1.3096e-01, 1.3356e-02,
           5.3079e-03, 4.0482e-03, 1.0957e-02, 2.0082e-02, 4.7496e-03,
           3.7075e-03, 8.8614e-04, 3.1820e-04, 3.3518e-04, 6.1275e-04,
           1.0207e-02, 1.4278e-01, 8.5638e-01, 9.7781e-01, 6.4521e-01,
           2.3361e-11, 1.5210e-13, 1.5650e-11],
          [6.0225e-11, 1.0286e-10, 4.5927e-10, 3.1455e-07, 6.3089e-02,
           8.3478e-01, 9.7244e-01, 5.2438e-01, 1.1821e-01, 1.9395e-02,
           8.5422e-03, 5.7756e-03, 1.0493e-02, 8.1231e-03, 1.9538e-03,
           1.4713e-03, 1.8680e-04, 1.2613e-04, 9.0889e-05, 3.1922e-04,
           6.3051e-03, 1.3315e-01, 9.7279e-01, 9.7840e-01, 7.1833e-01,
           3.0493e-12, 1.3864e-13, 4.0205e-12],
          [1.0256e-11, 3.4347e-11, 6.8006e-10, 5.5694e-07, 5.0993e-02,
           6.9700e-01, 9.6701e-01, 5.7517e-01, 2.0876e-01, 2.7752e-02,
           9.6623e-03, 6.3105e-03, 7.6893e-03, 1.0781e-03, 1.0582e-03,
           4.7925e-04, 1.0985e-04, 6.1410e-05, 4.3986e-05, 3.3282e-04,
           1.5756e-02, 1.8690e-01, 9.9432e-01, 9.7306e-01, 6.3114e-01,
           1.1038e-14, 5.5782e-16, 6.1945e-12],
          [1.2171e-10, 4.9349e-11, 2.7940e-10, 3.7782e-09, 4.2182e-02,
           5.1301e-01, 9.3842e-01, 7.1040e-01, 3.7339e-01, 7.7059e-02,
           2.8425e-02, 1.0075e-02, 6.1871e-04, 4.4735e-05, 3.3157e-05,
           1.8632e-05, 2.3630e-05, 2.7301e-05, 8.7308e-05, 2.4983e-03,
           4.9500e-02, 6.0676e-01, 9.9373e-01, 9.2769e-01, 3.4436e-01,
           4.5225e-16, 2.5386e-17, 1.1286e-11],
          [7.0120e-12, 3.6263e-11, 8.9782e-14, 8.1100e-11, 3.2994e-02,
           2.6103e-01, 8.7867e-01, 7.9071e-01, 6.2875e-01, 2.9633e-01,
           1.2211e-01, 4.3800e-02, 6.3753e-04, 6.3524e-05, 2.4233e-04,
           2.1828e-04, 2.8199e-04, 1.9879e-04, 9.7502e-04, 2.5610e-02,
           3.2013e-01, 9.9779e-01, 9.8878e-01, 8.0127e-01, 1.9809e-01,
           4.6720e-15, 4.5316e-19, 5.4587e-12],
          [1.3305e-11, 6.5415e-11, 2.1830e-14, 3.3116e-12, 1.7088e-02,
           1.2478e-01, 7.2614e-01, 8.2486e-01, 8.0454e-01, 5.5939e-01,
           3.3209e-01, 1.8548e-01, 4.4399e-02, 2.0751e-03, 5.9628e-02,
           5.3507e-02, 2.5914e-02, 1.2980e-02, 3.3151e-02, 3.1010e-01,
           8.0879e-01, 9.9735e-01, 9.4132e-01, 4.7517e-01, 7.9621e-03,
           1.4630e-17, 2.6042e-16, 1.3121e-11],
          [4.6862e-11, 3.3834e-10, 3.1993e-14, 4.4753e-13, 2.9619e-03,
           1.0158e-01, 3.5509e-01, 7.0538e-01, 7.9739e-01, 8.2029e-01,
           6.9537e-01, 5.8559e-01, 4.2623e-01, 3.2814e-01, 3.8241e-01,
           3.9905e-01, 3.5338e-01, 2.9352e-01, 5.0880e-01, 8.2843e-01,
           9.9779e-01, 9.6499e-01, 6.5637e-01, 4.8011e-02, 4.1261e-12,
           6.0123e-18, 1.9894e-15, 4.7449e-12],
          [7.1672e-13, 6.9924e-10, 7.9302e-12, 3.5492e-12, 4.4740e-04,
           3.7142e-02, 1.2883e-01, 3.8994e-01, 6.2770e-01, 7.8427e-01,
           8.8577e-01, 8.2334e-01, 7.3545e-01, 7.2633e-01, 7.7096e-01,
           7.1028e-01, 7.6616e-01, 8.3131e-01, 8.6487e-01, 9.8415e-01,
           9.3116e-01, 6.5327e-01, 1.3227e-01, 5.9644e-03, 4.5418e-12,
           3.0218e-17, 6.1136e-11, 2.8425e-12],
          [2.3329e-12, 5.0494e-11, 7.9691e-11, 4.3417e-11, 1.4308e-04,
           3.2297e-03, 2.4478e-02, 1.0020e-01, 3.4009e-01, 5.7481e-01,
           7.6701e-01, 8.5881e-01, 8.7280e-01, 8.8232e-01, 8.7708e-01,
           9.1491e-01, 9.1357e-01, 8.6675e-01, 8.3529e-01, 7.5367e-01,
           4.0322e-01, 6.6908e-02, 8.4293e-03, 1.8099e-03, 5.8476e-15,
           9.4348e-14, 9.6408e-11, 1.9982e-11],
          [1.4153e-11, 1.9652e-12, 2.4185e-09, 4.2947e-09, 1.2550e-04,
           9.0958e-05, 1.6449e-03, 9.6283e-03, 4.2599e-02, 1.0886e-01,
           2.7789e-01, 4.3020e-01, 6.0337e-01, 6.2967e-01, 5.4661e-01,
           5.4345e-01, 5.5329e-01, 4.5961e-01, 3.1978e-01, 1.0189e-01,
           1.2620e-02, 1.8220e-03, 6.9403e-05, 7.9404e-08, 8.2189e-13,
           2.4458e-11, 1.5475e-12, 1.8544e-11],
          [3.0933e-12, 5.9073e-12, 2.1015e-09, 4.3616e-08, 8.9125e-07,
           8.2366e-06, 3.8737e-04, 8.8213e-04, 1.2712e-03, 8.0468e-03,
           2.5342e-02, 4.1726e-02, 1.1523e-01, 1.6825e-01, 1.8628e-01,
           1.9403e-01, 1.4689e-01, 1.8724e-02, 7.4100e-04, 9.2009e-05,
           1.4751e-05, 1.5263e-06, 1.3717e-08, 3.5529e-12, 1.0849e-10,
           4.8326e-11, 4.5714e-11, 1.1145e-11],
          [2.1550e-12, 2.7908e-11, 2.6886e-12, 2.5724e-11, 2.2123e-16,
           1.1332e-20, 1.1056e-19, 4.1389e-07, 1.1906e-07, 1.8730e-08,
           2.7873e-07, 1.7109e-06, 1.4397e-05, 8.0081e-05, 6.1010e-05,
           5.3500e-05, 2.2551e-06, 6.4866e-07, 7.7034e-07, 2.9645e-15,
           3.6417e-14, 4.8909e-14, 2.7173e-14, 5.2488e-11, 1.5866e-12,
           9.8714e-11, 1.0880e-11, 2.3335e-12],
          [1.5278e-12, 8.0820e-12, 3.8720e-10, 2.2529e-12, 1.7859e-12,
           4.3105e-19, 6.3635e-22, 2.6378e-21, 1.2582e-20, 2.3906e-21,
           4.5205e-19, 2.2967e-16, 1.2693e-14, 1.4600e-12, 1.6059e-12,
           1.1342e-12, 4.2335e-13, 2.3397e-14, 1.6889e-13, 3.1612e-14,
           6.8710e-16, 5.1583e-14, 5.0858e-10, 6.2713e-11, 2.2282e-12,
           6.0563e-13, 2.7287e-12, 1.3663e-11],
          [4.7929e-10, 8.5541e-13, 6.0098e-13, 2.9020e-12, 2.8629e-12,
           1.9971e-11, 2.7353e-12, 3.4358e-14, 1.7025e-14, 2.0521e-11,
           1.4204e-15, 1.7328e-17, 3.0107e-10, 6.7957e-13, 1.0530e-11,
           1.7861e-11, 5.3469e-12, 7.6586e-13, 2.1022e-12, 4.4193e-12,
           7.1566e-11, 6.8938e-13, 4.0584e-11, 1.4588e-11, 2.7156e-11,
           4.5747e-11, 3.7133e-11, 3.3024e-11]]]], grad_fn=<ViewBackward0>)
INFO     16:27:45     Converting the model...
INFO     16:27:45     Model converted to support bounds
Model prediction: tensor([[[[6.7316e-12, 1.3808e-13, 7.2870e-12, 5.0107e-12, 1.1018e-11,
           1.8454e-13, 3.0827e-12, 1.8950e-12, 1.4021e-11, 8.1061e-13,
           3.5289e-09, 1.9644e-12, 3.5527e-13, 2.1848e-11, 9.3945e-13,
           9.0016e-11, 3.6955e-11, 1.5874e-12, 4.7057e-12, 9.9819e-13,
           1.6265e-11, 4.9313e-11, 1.3062e-11, 5.6768e-12, 7.4366e-12,
           8.3717e-11, 2.6864e-13, 4.8179e-12],
          [1.3024e-11, 7.3945e-12, 9.5606e-12, 8.6869e-10, 2.1803e-11,
           2.3671e-11, 5.6964e-12, 1.8396e-11, 6.8011e-13, 3.1006e-11,
           3.6237e-14, 4.4875e-16, 4.1106e-15, 8.1017e-17, 1.1939e-13,
           2.3461e-13, 1.8204e-12, 3.6394e-14, 1.2734e-13, 7.1627e-15,
           1.1366e-12, 5.5511e-10, 6.2132e-12, 2.5259e-11, 8.3552e-12,
           8.3881e-11, 6.0307e-14, 5.3834e-12],
          [1.0317e-10, 6.1586e-12, 4.6608e-12, 2.8144e-12, 2.7072e-11,
           1.3641e-12, 2.9473e-11, 5.2309e-13, 4.7068e-13, 8.3672e-13,
           5.8269e-14, 8.7065e-13, 7.9528e-12, 2.1822e-12, 2.8036e-15,
           2.6508e-16, 4.2819e-18, 1.2002e-22, 6.9698e-26, 1.2539e-31,
           8.6051e-27, 5.0983e-24, 2.1914e-21, 5.5949e-14, 5.4108e-10,
           5.8256e-12, 9.3190e-13, 1.2809e-11],
          [1.3170e-11, 2.2619e-12, 5.0650e-11, 3.4558e-13, 5.6276e-11,
           1.1067e-09, 2.6576e-12, 6.5858e-13, 1.1264e-09, 4.1330e-04,
           4.8992e-04, 4.2217e-03, 9.8940e-03, 5.6247e-03, 6.6314e-03,
           6.2524e-03, 3.6165e-03, 3.7620e-04, 1.3778e-08, 1.6010e-17,
           2.4605e-21, 5.5764e-22, 6.7616e-19, 2.2642e-16, 1.0320e-11,
           2.5803e-12, 4.5826e-12, 1.5715e-11],
          [6.2256e-11, 4.5748e-11, 3.9162e-13, 6.1122e-10, 1.6837e-05,
           3.9190e-04, 1.3530e-03, 5.8518e-03, 1.2469e-02, 4.5536e-02,
           8.2720e-02, 2.2738e-01, 4.6691e-01, 4.6638e-01, 2.7678e-01,
           1.9274e-01, 8.3307e-02, 3.8742e-02, 1.4764e-02, 4.2287e-03,
           1.7784e-04, 8.8918e-06, 1.4355e-05, 1.1955e-05, 1.3675e-06,
           3.4568e-11, 3.2111e-10, 5.5117e-11],
          [2.8117e-12, 2.5713e-11, 3.6729e-11, 1.7728e-06, 2.0682e-06,
           1.7964e-04, 1.6990e-03, 1.4677e-02, 7.1906e-02, 2.3180e-01,
           4.5877e-01, 6.3438e-01, 7.4354e-01, 6.8999e-01, 6.6467e-01,
           5.6076e-01, 3.8769e-01, 2.8278e-01, 1.6687e-01, 1.0520e-01,
           4.8595e-02, 5.3268e-03, 2.7409e-04, 4.6630e-05, 4.0841e-05,
           2.9216e-10, 1.7665e-13, 1.5753e-10],
          [2.4557e-12, 3.9616e-12, 2.9532e-11, 4.7588e-08, 4.7769e-06,
           3.2884e-04, 6.3158e-03, 5.3631e-02, 2.5048e-01, 6.5028e-01,
           8.5836e-01, 8.7638e-01, 7.9564e-01, 7.6696e-01, 8.1320e-01,
           7.1421e-01, 6.9920e-01, 6.4298e-01, 5.1173e-01, 2.8166e-01,
           1.5894e-01, 5.2524e-02, 8.2320e-03, 1.1166e-03, 4.0110e-04,
           5.3212e-11, 1.9675e-12, 1.7529e-12],
          [4.2834e-12, 1.3072e-10, 9.9809e-11, 3.2426e-08, 1.0715e-05,
           2.8930e-03, 3.6187e-02, 3.5173e-01, 7.7046e-01, 9.3700e-01,
           9.6005e-01, 8.8267e-01, 7.4523e-01, 7.2430e-01, 6.6546e-01,
           6.4470e-01, 7.5739e-01, 8.0242e-01, 7.3657e-01, 5.8556e-01,
           4.2711e-01, 2.0317e-01, 7.9200e-02, 1.5244e-02, 2.1042e-03,
           7.6782e-11, 1.2537e-11, 7.8100e-13],
          [5.5580e-12, 4.3669e-12, 7.3171e-12, 3.8702e-08, 1.4083e-04,
           1.8394e-02, 2.1351e-01, 7.9988e-01, 9.4433e-01, 9.6658e-01,
           8.5858e-01, 6.1065e-01, 4.0388e-01, 3.5145e-01, 3.6823e-01,
           3.6816e-01, 4.8436e-01, 6.5925e-01, 7.9052e-01, 7.7175e-01,
           7.5207e-01, 5.5715e-01, 1.8023e-01, 3.1907e-02, 1.8345e-03,
           4.1726e-12, 5.2419e-13, 1.8626e-13],
          [3.2171e-12, 8.3767e-13, 2.0564e-10, 3.7217e-05, 2.5354e-03,
           9.8076e-02, 6.4733e-01, 9.5073e-01, 9.7788e-01, 8.9001e-01,
           4.6889e-01, 1.5521e-01, 1.0086e-01, 1.4164e-01, 1.1607e-01,
           1.0831e-01, 1.4168e-01, 3.1653e-01, 5.6395e-01, 7.5117e-01,
           7.9780e-01, 7.5168e-01, 4.6686e-01, 5.6104e-02, 9.4307e-03,
           2.0121e-12, 3.3607e-15, 1.0484e-12],
          [3.4702e-12, 3.0543e-13, 2.4248e-10, 8.2584e-05, 2.1716e-03,
           3.6577e-01, 8.2842e-01, 9.7955e-01, 9.7002e-01, 4.8859e-01,
           9.8763e-02, 2.7701e-02, 2.8062e-02, 3.5397e-02, 2.8273e-02,
           2.1932e-02, 5.5373e-02, 1.5390e-01, 3.1870e-01, 4.5448e-01,
           6.5457e-01, 7.8497e-01, 8.3679e-01, 2.7480e-01, 2.1357e-02,
           1.3597e-11, 1.4679e-14, 3.4112e-10],
          [2.0974e-12, 3.5878e-11, 3.1745e-12, 9.3026e-06, 1.7852e-02,
           5.5007e-01, 9.0655e-01, 9.7733e-01, 8.1142e-01, 1.3695e-01,
           2.2471e-02, 6.9237e-03, 8.5870e-03, 1.2996e-02, 2.7339e-02,
           3.2815e-02, 6.3788e-02, 1.0813e-01, 1.6798e-01, 2.3688e-01,
           4.3485e-01, 7.5342e-01, 9.6614e-01, 6.0381e-01, 9.6858e-02,
           5.0391e-08, 6.1954e-14, 6.4896e-11],
          [2.5044e-12, 1.7729e-12, 1.9463e-11, 2.9948e-12, 2.8705e-03,
           5.9576e-01, 9.3998e-01, 9.7990e-01, 2.9771e-01, 3.5359e-02,
           1.0388e-02, 4.9472e-03, 4.5258e-03, 1.1053e-02, 2.2487e-02,
           2.5684e-02, 3.8098e-02, 3.6177e-02, 2.6830e-02, 3.4381e-02,
           1.8139e-01, 5.6711e-01, 9.7700e-01, 8.4735e-01, 3.1013e-01,
           9.6112e-09, 1.9752e-13, 4.6453e-11],
          [3.5009e-11, 9.5394e-12, 7.8137e-11, 2.5338e-14, 3.2929e-02,
           7.5168e-01, 9.5692e-01, 9.2029e-01, 1.4875e-01, 1.8301e-02,
           6.9092e-03, 6.6672e-03, 5.4714e-03, 2.1051e-02, 8.0051e-03,
           1.2990e-02, 1.0037e-02, 3.7846e-03, 2.9715e-03, 4.7801e-03,
           3.8317e-02, 3.2283e-01, 8.9711e-01, 9.5134e-01, 5.0618e-01,
           1.2954e-09, 2.0896e-10, 2.4945e-12],
          [3.7092e-11, 5.5791e-12, 4.5554e-12, 5.7748e-13, 4.8295e-02,
           8.4662e-01, 9.6683e-01, 6.5881e-01, 1.3096e-01, 1.3356e-02,
           5.3079e-03, 4.0482e-03, 1.0957e-02, 2.0082e-02, 4.7496e-03,
           3.7075e-03, 8.8614e-04, 3.1820e-04, 3.3518e-04, 6.1275e-04,
           1.0207e-02, 1.4278e-01, 8.5638e-01, 9.7781e-01, 6.4521e-01,
           2.3361e-11, 1.5210e-13, 1.5650e-11],
          [6.0225e-11, 1.0286e-10, 4.5927e-10, 3.1455e-07, 6.3089e-02,
           8.3478e-01, 9.7244e-01, 5.2438e-01, 1.1821e-01, 1.9395e-02,
           8.5422e-03, 5.7756e-03, 1.0493e-02, 8.1231e-03, 1.9538e-03,
           1.4713e-03, 1.8680e-04, 1.2613e-04, 9.0889e-05, 3.1922e-04,
           6.3051e-03, 1.3315e-01, 9.7279e-01, 9.7840e-01, 7.1833e-01,
           3.0493e-12, 1.3864e-13, 4.0205e-12],
          [1.0256e-11, 3.4347e-11, 6.8006e-10, 5.5694e-07, 5.0993e-02,
           6.9700e-01, 9.6701e-01, 5.7517e-01, 2.0876e-01, 2.7752e-02,
           9.6623e-03, 6.3105e-03, 7.6893e-03, 1.0781e-03, 1.0582e-03,
           4.7925e-04, 1.0985e-04, 6.1410e-05, 4.3986e-05, 3.3282e-04,
           1.5756e-02, 1.8690e-01, 9.9432e-01, 9.7306e-01, 6.3114e-01,
           1.1038e-14, 5.5782e-16, 6.1945e-12],
          [1.2171e-10, 4.9349e-11, 2.7940e-10, 3.7782e-09, 4.2182e-02,
           5.1301e-01, 9.3842e-01, 7.1040e-01, 3.7339e-01, 7.7059e-02,
           2.8425e-02, 1.0075e-02, 6.1871e-04, 4.4735e-05, 3.3157e-05,
           1.8632e-05, 2.3630e-05, 2.7301e-05, 8.7308e-05, 2.4983e-03,
           4.9500e-02, 6.0676e-01, 9.9373e-01, 9.2769e-01, 3.4436e-01,
           4.5225e-16, 2.5386e-17, 1.1286e-11],
          [7.0120e-12, 3.6263e-11, 8.9782e-14, 8.1100e-11, 3.2994e-02,
           2.6103e-01, 8.7867e-01, 7.9071e-01, 6.2875e-01, 2.9633e-01,
           1.2211e-01, 4.3800e-02, 6.3753e-04, 6.3524e-05, 2.4233e-04,
           2.1828e-04, 2.8199e-04, 1.9879e-04, 9.7502e-04, 2.5610e-02,
           3.2013e-01, 9.9779e-01, 9.8878e-01, 8.0127e-01, 1.9809e-01,
           4.6720e-15, 4.5316e-19, 5.4587e-12],
          [1.3305e-11, 6.5415e-11, 2.1830e-14, 3.3116e-12, 1.7088e-02,
           1.2478e-01, 7.2614e-01, 8.2486e-01, 8.0454e-01, 5.5939e-01,
           3.3209e-01, 1.8548e-01, 4.4399e-02, 2.0751e-03, 5.9628e-02,
           5.3507e-02, 2.5914e-02, 1.2980e-02, 3.3151e-02, 3.1010e-01,
           8.0879e-01, 9.9735e-01, 9.4132e-01, 4.7517e-01, 7.9621e-03,
           1.4630e-17, 2.6042e-16, 1.3121e-11],
          [4.6862e-11, 3.3834e-10, 3.1993e-14, 4.4753e-13, 2.9619e-03,
           1.0158e-01, 3.5509e-01, 7.0538e-01, 7.9739e-01, 8.2029e-01,
           6.9537e-01, 5.8559e-01, 4.2623e-01, 3.2814e-01, 3.8241e-01,
           3.9905e-01, 3.5338e-01, 2.9352e-01, 5.0880e-01, 8.2843e-01,
           9.9779e-01, 9.6499e-01, 6.5637e-01, 4.8011e-02, 4.1261e-12,
           6.0123e-18, 1.9894e-15, 4.7449e-12],
          [7.1672e-13, 6.9924e-10, 7.9302e-12, 3.5492e-12, 4.4740e-04,
           3.7142e-02, 1.2883e-01, 3.8994e-01, 6.2770e-01, 7.8427e-01,
           8.8577e-01, 8.2334e-01, 7.3545e-01, 7.2633e-01, 7.7096e-01,
           7.1028e-01, 7.6616e-01, 8.3131e-01, 8.6487e-01, 9.8415e-01,
           9.3116e-01, 6.5327e-01, 1.3227e-01, 5.9644e-03, 4.5418e-12,
           3.0218e-17, 6.1136e-11, 2.8425e-12],
          [2.3329e-12, 5.0494e-11, 7.9691e-11, 4.3417e-11, 1.4308e-04,
           3.2297e-03, 2.4478e-02, 1.0020e-01, 3.4009e-01, 5.7481e-01,
           7.6701e-01, 8.5881e-01, 8.7280e-01, 8.8232e-01, 8.7708e-01,
           9.1491e-01, 9.1357e-01, 8.6675e-01, 8.3529e-01, 7.5367e-01,
           4.0322e-01, 6.6908e-02, 8.4293e-03, 1.8099e-03, 5.8476e-15,
           9.4348e-14, 9.6408e-11, 1.9982e-11],
          [1.4153e-11, 1.9652e-12, 2.4185e-09, 4.2947e-09, 1.2550e-04,
           9.0958e-05, 1.6449e-03, 9.6283e-03, 4.2599e-02, 1.0886e-01,
           2.7789e-01, 4.3020e-01, 6.0337e-01, 6.2967e-01, 5.4661e-01,
           5.4345e-01, 5.5329e-01, 4.5961e-01, 3.1978e-01, 1.0189e-01,
           1.2620e-02, 1.8220e-03, 6.9403e-05, 7.9404e-08, 8.2189e-13,
           2.4458e-11, 1.5475e-12, 1.8544e-11],
          [3.0933e-12, 5.9073e-12, 2.1015e-09, 4.3616e-08, 8.9125e-07,
           8.2366e-06, 3.8737e-04, 8.8213e-04, 1.2712e-03, 8.0468e-03,
           2.5342e-02, 4.1726e-02, 1.1523e-01, 1.6825e-01, 1.8628e-01,
           1.9403e-01, 1.4689e-01, 1.8724e-02, 7.4100e-04, 9.2009e-05,
           1.4751e-05, 1.5263e-06, 1.3717e-08, 3.5529e-12, 1.0849e-10,
           4.8326e-11, 4.5714e-11, 1.1145e-11],
          [2.1550e-12, 2.7908e-11, 2.6886e-12, 2.5724e-11, 2.2123e-16,
           1.1332e-20, 1.1056e-19, 4.1389e-07, 1.1906e-07, 1.8730e-08,
           2.7873e-07, 1.7109e-06, 1.4397e-05, 8.0081e-05, 6.1010e-05,
           5.3500e-05, 2.2551e-06, 6.4866e-07, 7.7034e-07, 2.9645e-15,
           3.6417e-14, 4.8909e-14, 2.7173e-14, 5.2488e-11, 1.5866e-12,
           9.8714e-11, 1.0880e-11, 2.3335e-12],
          [1.5278e-12, 8.0820e-12, 3.8720e-10, 2.2529e-12, 1.7859e-12,
           4.3105e-19, 6.3635e-22, 2.6378e-21, 1.2582e-20, 2.3906e-21,
           4.5205e-19, 2.2967e-16, 1.2693e-14, 1.4600e-12, 1.6059e-12,
           1.1342e-12, 4.2335e-13, 2.3397e-14, 1.6889e-13, 3.1612e-14,
           6.8710e-16, 5.1583e-14, 5.0858e-10, 6.2713e-11, 2.2282e-12,
           6.0563e-13, 2.7287e-12, 1.3663e-11],
          [4.7929e-10, 8.5541e-13, 6.0098e-13, 2.9020e-12, 2.8629e-12,
           1.9971e-11, 2.7353e-12, 3.4358e-14, 1.7025e-14, 2.0521e-11,
           1.4204e-15, 1.7328e-17, 3.0107e-10, 6.7957e-13, 1.0530e-11,
           1.7861e-11, 5.3469e-12, 7.6586e-13, 2.1022e-12, 4.4193e-12,
           7.1566e-11, 6.8938e-13, 4.0584e-11, 1.4588e-11, 2.7156e-11,
           4.5747e-11, 3.7133e-11, 3.3024e-11]]]])
Bounding method: backward (CROWN, DeepPoly)
