exec device =  cpu
verification device =  cpu
/leonardo/home/userexternal/fgiacoma/repos/Latent_Distilled_Diffusion_4_Cert/Cert_algs
/leonardo/home/userexternal/fgiacoma/repos/Latent_Distilled_Diffusion_4_Cert
verification device =  cpu
exec device =  cpu
test_data size:  157
Autoencoder loaded from: ./save/fVAE/fVAE_201/vae_model.pth
FlatVariationalAutoencoder(
  (encoder): VariationalEncoder(
    (linear1): Linear(in_features=784, out_features=512, bias=True)
    (linear2): Linear(in_features=512, out_features=2, bias=True)
    (linear3): Linear(in_features=512, out_features=2, bias=True)
  )
  (decoder): DecoderUpsample(
    (fc): Linear(in_features=2, out_features=3136, bias=True)
    (conv1): Conv2d(64, 32, kernel_size=(3, 3), stride=(1, 1), padding=(1, 1))
    (conv2): Conv2d(32, 1, kernel_size=(3, 3), stride=(1, 1), padding=(1, 1))
  )
)
x device is cpu
False
decoded shape is torch.Size([64, 1, 28, 28])
shape to be decoded is torch.Size([2])
decoded shape is torch.Size([1, 1, 28, 28])
xx device is cpu
xx shape is torch.Size([64, 2])
Original VAE decoder prediction: tensor([[[[5.4270e-06, 1.1604e-11, 5.1293e-12, 7.3099e-11, 6.8771e-10,
           4.2877e-09, 3.8268e-10, 1.3112e-11, 2.5127e-11, 1.4970e-11,
           5.2135e-11, 4.6868e-11, 4.6642e-13, 2.4045e-13, 1.3832e-13,
           7.4957e-13, 9.0866e-12, 6.1642e-11, 8.0420e-10, 1.3423e-09,
           1.0622e-10, 1.5459e-11, 4.1974e-11, 4.9637e-10, 1.3271e-07,
           1.1115e-05, 4.1111e-05, 3.9096e-05],
          [7.3817e-10, 1.2349e-15, 2.2986e-14, 4.5231e-11, 3.3513e-10,
           1.6841e-10, 1.0190e-12, 1.0526e-14, 1.5061e-14, 1.2431e-15,
           4.8064e-15, 3.5191e-16, 1.4197e-18, 4.8076e-18, 2.2541e-18,
           2.9045e-17, 7.7414e-16, 1.1291e-14, 2.9983e-13, 1.1257e-13,
           3.5479e-15, 2.3673e-15, 1.6703e-14, 1.7996e-12, 2.3482e-09,
           8.3397e-08, 1.3577e-07, 6.9627e-08],
          [1.0610e-09, 2.5847e-14, 8.8855e-12, 6.0976e-08, 1.3795e-07,
           1.3915e-08, 5.5784e-11, 3.2173e-13, 3.5536e-13, 1.7306e-14,
           5.6123e-14, 6.5771e-15, 4.2178e-17, 1.5282e-16, 3.8613e-17,
           1.5805e-16, 3.2312e-15, 3.9300e-14, 4.6156e-13, 1.3204e-13,
           8.3328e-15, 5.7946e-15, 2.9856e-14, 7.4080e-13, 1.9830e-10,
           6.9947e-10, 2.6901e-10, 7.2414e-10],
          [1.9237e-09, 4.0318e-12, 3.4793e-09, 5.9812e-06, 6.1827e-06,
           3.1776e-07, 2.9674e-09, 1.4069e-10, 1.9815e-10, 3.6851e-11,
           1.0837e-10, 5.2595e-12, 1.1880e-13, 3.5453e-13, 6.9527e-14,
           2.2027e-13, 2.0325e-12, 8.5003e-12, 3.3566e-11, 1.1671e-11,
           2.3447e-12, 8.4894e-13, 1.3785e-12, 1.2606e-11, 3.2865e-10,
           2.1512e-10, 5.4717e-11, 1.1354e-09],
          [6.0086e-08, 5.0684e-10, 1.0784e-07, 6.7172e-05, 1.1704e-04,
           1.2690e-05, 7.2055e-07, 2.8112e-07, 4.7954e-07, 2.1966e-07,
           3.5213e-07, 2.5679e-08, 4.0015e-09, 2.5552e-08, 7.1090e-09,
           7.4829e-09, 1.9850e-08, 2.9224e-08, 1.1095e-07, 9.1488e-08,
           4.4895e-08, 1.8331e-08, 1.3013e-08, 3.2586e-08, 8.6046e-08,
           8.7414e-09, 1.3825e-09, 9.0567e-09],
          [2.5237e-07, 9.0806e-09, 1.0720e-06, 2.5007e-04, 8.2073e-04,
           2.8015e-04, 2.2478e-04, 4.2157e-04, 7.3200e-04, 7.9020e-04,
           9.6915e-04, 4.0913e-04, 2.7939e-04, 4.8357e-04, 1.5285e-04,
           8.4377e-05, 5.0631e-05, 5.7300e-05, 1.0974e-04, 6.3952e-05,
           5.3395e-05, 1.0579e-05, 7.7126e-06, 1.1264e-05, 3.4295e-06,
           5.8724e-07, 8.3033e-08, 2.8140e-07],
          [5.1887e-07, 7.6596e-08, 7.4511e-06, 6.4607e-04, 2.7684e-03,
           4.5957e-03, 1.2579e-02, 3.8622e-02, 5.5094e-02, 6.6804e-02,
           8.2369e-02, 4.9226e-02, 4.0527e-02, 4.8611e-02, 2.4152e-02,
           2.2008e-02, 1.3540e-02, 1.2344e-02, 1.3477e-02, 5.9371e-03,
           4.6949e-03, 1.1358e-03, 8.0874e-04, 8.2962e-04, 1.4761e-04,
           3.5819e-05, 4.6744e-06, 3.7831e-06],
          [6.6736e-06, 8.9800e-06, 1.9978e-04, 1.9481e-03, 1.1842e-02,
           3.8741e-02, 1.1405e-01, 1.8187e-01, 2.4233e-01, 3.7443e-01,
           4.3294e-01, 4.0653e-01, 3.9565e-01, 3.5614e-01, 3.4398e-01,
           3.3240e-01, 3.1366e-01, 3.2698e-01, 2.8031e-01, 1.8893e-01,
           1.1457e-01, 4.0750e-02, 1.7124e-02, 4.2763e-03, 5.6499e-04,
           1.2738e-04, 1.0626e-05, 1.0304e-05],
          [1.1179e-04, 3.1656e-04, 3.4922e-03, 1.3387e-02, 5.4490e-02,
           1.2327e-01, 2.6554e-01, 4.1537e-01, 5.8462e-01, 6.9779e-01,
           7.4122e-01, 7.4131e-01, 7.2651e-01, 7.0316e-01, 7.0205e-01,
           7.2215e-01, 7.2570e-01, 7.3297e-01, 6.9391e-01, 5.9034e-01,
           3.7760e-01, 1.4609e-01, 3.8882e-02, 3.6087e-03, 4.1772e-04,
           8.5910e-05, 9.9979e-06, 1.6165e-05],
          [1.2817e-03, 2.3319e-03, 1.1855e-02, 3.1902e-02, 9.8797e-02,
           2.0816e-01, 3.7986e-01, 5.6371e-01, 7.3726e-01, 7.9649e-01,
           8.2098e-01, 8.0842e-01, 7.7764e-01, 7.8132e-01, 7.9062e-01,
           8.1305e-01, 8.3914e-01, 8.1914e-01, 8.3604e-01, 8.1996e-01,
           5.9587e-01, 2.9439e-01, 5.5958e-02, 2.7434e-03, 5.1646e-04,
           7.3838e-05, 4.3478e-06, 5.5428e-06],
          [1.2462e-03, 2.5588e-03, 1.3032e-02, 3.5423e-02, 9.7445e-02,
           1.9021e-01, 3.5280e-01, 4.7881e-01, 6.1031e-01, 6.9391e-01,
           7.0027e-01, 6.4403e-01, 5.8126e-01, 5.0586e-01, 4.8306e-01,
           5.4310e-01, 6.3313e-01, 7.2889e-01, 8.3986e-01, 8.6808e-01,
           6.9184e-01, 3.3193e-01, 4.3856e-02, 2.8555e-03, 9.9183e-04,
           6.1962e-05, 1.5140e-06, 1.5158e-06],
          [6.2770e-04, 8.3012e-04, 5.5222e-03, 1.9150e-02, 5.9331e-02,
           1.2101e-01, 2.4515e-01, 3.3599e-01, 3.9774e-01, 4.9998e-01,
           4.5419e-01, 3.3274e-01, 2.1401e-01, 1.9741e-01, 1.9383e-01,
           2.1281e-01, 3.2350e-01, 6.1358e-01, 8.4426e-01, 8.7474e-01,
           6.9690e-01, 2.7795e-01, 2.6699e-02, 2.4959e-03, 1.1815e-03,
           1.9723e-05, 2.7993e-07, 3.4431e-07],
          [1.7658e-04, 1.8373e-04, 1.6089e-03, 7.5683e-03, 2.7799e-02,
           6.3119e-02, 1.5022e-01, 2.3943e-01, 2.3921e-01, 2.8860e-01,
           2.3963e-01, 1.1761e-01, 6.3158e-02, 7.1828e-02, 7.4789e-02,
           8.3283e-02, 2.3386e-01, 6.3490e-01, 8.3290e-01, 8.5602e-01,
           5.6843e-01, 1.5087e-01, 1.1254e-02, 9.0192e-04, 5.0102e-04,
           7.2902e-06, 8.5661e-08, 1.5181e-07],
          [2.5887e-04, 2.8494e-04, 1.2748e-03, 2.6221e-03, 8.0381e-03,
           4.0741e-02, 7.8695e-02, 1.0374e-01, 1.1407e-01, 6.9418e-02,
           3.4722e-02, 1.3481e-02, 1.0057e-02, 1.7733e-02, 1.7566e-02,
           3.9860e-02, 2.5607e-01, 7.0965e-01, 8.4810e-01, 7.9559e-01,
           3.5031e-01, 6.7553e-02, 5.9296e-03, 1.1278e-03, 1.1701e-03,
           2.6563e-05, 7.1388e-07, 2.6092e-06],
          [1.5079e-03, 9.9916e-04, 2.0251e-03, 1.4120e-03, 3.5623e-03,
           9.7232e-03, 4.9699e-03, 6.2075e-03, 9.7232e-03, 2.9995e-03,
           1.4463e-03, 1.0514e-03, 9.6565e-04, 3.0148e-03, 1.0044e-02,
           7.7612e-02, 4.6684e-01, 7.8083e-01, 8.0296e-01, 5.7454e-01,
           1.6838e-01, 3.9476e-02, 6.5827e-03, 3.0636e-03, 5.1518e-03,
           6.0215e-04, 5.0382e-05, 1.0817e-04],
          [7.0700e-03, 7.5285e-04, 1.5215e-03, 1.0688e-03, 1.0090e-03,
           1.4871e-03, 1.8617e-04, 1.3819e-04, 3.0222e-04, 1.0954e-04,
           1.2993e-04, 2.8140e-04, 4.0307e-04, 2.3602e-03, 2.7109e-02,
           2.2998e-01, 7.1694e-01, 8.3398e-01, 7.1358e-01, 3.5070e-01,
           8.2450e-02, 2.2940e-02, 6.8098e-03, 7.9511e-03, 9.6382e-03,
           4.8633e-03, 1.5612e-03, 5.3997e-04],
          [2.7728e-03, 9.5832e-05, 2.4210e-04, 1.2523e-04, 5.3032e-05,
           7.2053e-05, 5.9437e-06, 3.3691e-06, 2.0028e-05, 2.5897e-05,
           4.8756e-05, 2.1477e-04, 5.9528e-04, 6.7122e-03, 8.9643e-02,
           5.1637e-01, 8.8013e-01, 8.6557e-01, 5.8498e-01, 1.4800e-01,
           3.1751e-02, 7.9389e-03, 3.5116e-03, 4.3899e-03, 2.1914e-03,
           1.7381e-03, 1.1122e-03, 3.2290e-04],
          [3.3876e-04, 2.0490e-06, 6.6502e-06, 4.5959e-06, 1.7429e-06,
           3.8631e-06, 9.4246e-07, 1.5188e-06, 1.4848e-05, 2.9569e-05,
           7.9717e-05, 5.2980e-04, 2.3116e-03, 2.2170e-02, 2.3022e-01,
           7.5102e-01, 9.2083e-01, 8.1592e-01, 3.4682e-01, 7.7463e-02,
           1.6062e-02, 4.8181e-03, 7.9266e-04, 1.0982e-04, 2.5221e-05,
           1.7741e-05, 1.5542e-05, 3.2202e-06],
          [2.5268e-05, 3.7690e-08, 8.7611e-08, 8.0694e-08, 1.8064e-08,
           1.1605e-07, 1.7996e-07, 5.2272e-07, 4.5666e-06, 1.3446e-05,
           6.6181e-05, 5.9733e-04, 5.1603e-03, 7.5729e-02, 5.6569e-01,
           8.9340e-01, 9.1318e-01, 6.7401e-01, 1.6161e-01, 3.1822e-02,
           5.0064e-03, 5.3200e-04, 1.2608e-05, 1.6646e-07, 2.6277e-08,
           7.7034e-09, 7.7251e-09, 1.1999e-08],
          [1.7297e-06, 1.3477e-09, 2.2627e-09, 1.5028e-09, 2.2500e-10,
           2.4339e-09, 6.8796e-09, 6.8427e-09, 1.0098e-07, 1.4780e-06,
           2.9426e-05, 6.8911e-04, 1.1765e-02, 2.4580e-01, 8.3984e-01,
           9.4262e-01, 8.4824e-01, 4.1365e-01, 5.6973e-02, 1.0420e-02,
           1.3998e-03, 5.1759e-05, 5.5032e-07, 8.9002e-09, 3.5945e-10,
           2.9104e-11, 1.7322e-11, 5.1177e-11],
          [1.8029e-07, 1.1958e-10, 1.6783e-10, 6.7596e-11, 8.1330e-12,
           4.2597e-11, 7.2078e-11, 7.3790e-11, 2.3177e-09, 1.2546e-07,
           1.0697e-05, 1.2205e-03, 3.4738e-02, 5.2574e-01, 9.1780e-01,
           9.2052e-01, 5.9501e-01, 1.1429e-01, 1.3690e-02, 3.5250e-03,
           6.2960e-04, 5.6836e-05, 1.9927e-06, 2.8593e-08, 1.9046e-10,
           1.9885e-12, 3.6289e-13, 1.4334e-12],
          [1.6427e-08, 4.9411e-11, 3.7960e-11, 1.2410e-11, 2.0900e-12,
           4.7992e-12, 1.9081e-12, 5.6058e-13, 8.6683e-11, 3.1397e-08,
           1.6632e-05, 6.4869e-03, 1.7722e-01, 8.4014e-01, 9.4525e-01,
           8.0562e-01, 2.3706e-01, 3.0582e-02, 4.2520e-03, 5.3273e-04,
           1.4648e-04, 5.5743e-05, 3.0721e-06, 2.5374e-08, 7.8201e-11,
           2.2461e-12, 5.4921e-14, 4.7864e-14],
          [1.3723e-08, 3.9966e-11, 1.2950e-11, 1.4621e-11, 9.6078e-12,
           1.1574e-11, 1.0549e-12, 1.6405e-13, 9.7712e-11, 1.6770e-07,
           1.5931e-04, 5.3578e-02, 5.4991e-01, 9.2716e-01, 9.2046e-01,
           5.2152e-01, 6.5924e-02, 7.0353e-03, 8.0521e-04, 7.4330e-05,
           5.0359e-05, 4.2637e-05, 2.1090e-06, 3.7883e-08, 2.4983e-10,
           1.2395e-11, 3.4323e-14, 6.5065e-15],
          [1.8361e-08, 5.9646e-11, 9.8510e-12, 7.2629e-11, 1.8280e-10,
           5.7088e-11, 7.2751e-12, 3.6046e-11, 2.0300e-08, 1.3738e-05,
           4.9867e-03, 2.4950e-01, 8.0776e-01, 9.2270e-01, 8.0229e-01,
           2.2917e-01, 2.6298e-02, 3.3634e-03, 3.8516e-04, 2.2389e-05,
           3.1933e-05, 2.4051e-05, 8.7152e-07, 4.1562e-08, 1.4613e-09,
           1.2697e-10, 1.0202e-13, 3.7047e-14],
          [5.0522e-08, 1.4948e-10, 1.9421e-11, 4.3342e-10, 4.5074e-09,
           5.3277e-09, 8.3210e-09, 1.0066e-07, 5.2738e-06, 4.9403e-04,
           4.0022e-02, 4.3257e-01, 8.1961e-01, 8.6879e-01, 6.5483e-01,
           1.3614e-01, 1.8805e-02, 3.3166e-03, 5.1846e-04, 1.7839e-05,
           2.4261e-05, 1.5391e-05, 4.4568e-07, 8.0500e-08, 1.2590e-08,
           3.0559e-09, 4.9472e-12, 6.9160e-13],
          [9.2549e-08, 6.1597e-11, 1.1985e-11, 3.1224e-10, 1.1941e-08,
           1.0892e-07, 1.7103e-06, 2.2903e-05, 1.3577e-04, 5.4825e-03,
           9.0848e-02, 5.4720e-01, 8.1988e-01, 7.7958e-01, 4.3340e-01,
           8.0102e-02, 1.0503e-02, 1.9052e-03, 3.3177e-04, 9.3041e-06,
           1.6024e-05, 9.7949e-06, 3.3438e-07, 8.2247e-08, 3.0631e-08,
           4.6695e-09, 7.9752e-11, 9.0327e-11],
          [3.4509e-08, 2.3648e-11, 1.0925e-11, 1.0014e-10, 8.4051e-09,
           2.3395e-07, 4.7387e-06, 1.7946e-04, 7.0048e-04, 1.3303e-02,
           9.9354e-02, 4.2131e-01, 6.1093e-01, 4.8745e-01, 2.0969e-01,
           4.9579e-02, 8.0958e-03, 1.2399e-03, 3.0331e-04, 2.0225e-05,
           3.6898e-05, 2.4431e-05, 6.4634e-07, 4.4627e-08, 1.4402e-08,
           8.5184e-09, 3.6837e-09, 1.0002e-08],
          [6.7992e-08, 3.7124e-10, 1.5799e-10, 7.7393e-10, 4.7555e-08,
           9.1456e-07, 1.1770e-05, 3.3510e-04, 8.3732e-04, 7.0026e-03,
           2.3172e-02, 8.0313e-02, 9.1543e-02, 7.7880e-02, 4.8410e-02,
           1.6539e-02, 3.1961e-03, 4.4423e-04, 1.4273e-04, 4.1939e-05,
           1.2103e-04, 5.4709e-05, 2.8954e-06, 1.3773e-07, 4.3327e-08,
           9.2624e-08, 1.3825e-07, 1.7985e-06]]]], grad_fn=<SigmoidBackward0>)
z pivot shape =  torch.Size([1, 2])
vanilla test started
Original model prediction: tensor([[[[5.4270e-06, 1.1604e-11, 5.1293e-12, 7.3099e-11, 6.8771e-10,
           4.2877e-09, 3.8268e-10, 1.3112e-11, 2.5127e-11, 1.4970e-11,
           5.2135e-11, 4.6868e-11, 4.6642e-13, 2.4045e-13, 1.3832e-13,
           7.4957e-13, 9.0866e-12, 6.1642e-11, 8.0420e-10, 1.3423e-09,
           1.0622e-10, 1.5459e-11, 4.1974e-11, 4.9637e-10, 1.3271e-07,
           1.1115e-05, 4.1111e-05, 3.9096e-05],
          [7.3817e-10, 1.2349e-15, 2.2986e-14, 4.5231e-11, 3.3513e-10,
           1.6841e-10, 1.0190e-12, 1.0526e-14, 1.5061e-14, 1.2431e-15,
           4.8064e-15, 3.5191e-16, 1.4197e-18, 4.8076e-18, 2.2541e-18,
           2.9045e-17, 7.7414e-16, 1.1291e-14, 2.9983e-13, 1.1257e-13,
           3.5479e-15, 2.3673e-15, 1.6703e-14, 1.7996e-12, 2.3482e-09,
           8.3397e-08, 1.3577e-07, 6.9627e-08],
          [1.0610e-09, 2.5847e-14, 8.8855e-12, 6.0976e-08, 1.3795e-07,
           1.3915e-08, 5.5784e-11, 3.2173e-13, 3.5536e-13, 1.7306e-14,
           5.6123e-14, 6.5771e-15, 4.2178e-17, 1.5282e-16, 3.8613e-17,
           1.5805e-16, 3.2312e-15, 3.9300e-14, 4.6156e-13, 1.3204e-13,
           8.3328e-15, 5.7946e-15, 2.9856e-14, 7.4080e-13, 1.9830e-10,
           6.9947e-10, 2.6901e-10, 7.2414e-10],
          [1.9237e-09, 4.0318e-12, 3.4793e-09, 5.9812e-06, 6.1827e-06,
           3.1776e-07, 2.9674e-09, 1.4069e-10, 1.9815e-10, 3.6851e-11,
           1.0837e-10, 5.2595e-12, 1.1880e-13, 3.5453e-13, 6.9527e-14,
           2.2027e-13, 2.0325e-12, 8.5003e-12, 3.3566e-11, 1.1671e-11,
           2.3447e-12, 8.4894e-13, 1.3785e-12, 1.2606e-11, 3.2865e-10,
           2.1512e-10, 5.4717e-11, 1.1354e-09],
          [6.0086e-08, 5.0684e-10, 1.0784e-07, 6.7172e-05, 1.1704e-04,
           1.2690e-05, 7.2055e-07, 2.8112e-07, 4.7954e-07, 2.1966e-07,
           3.5213e-07, 2.5679e-08, 4.0015e-09, 2.5552e-08, 7.1090e-09,
           7.4829e-09, 1.9850e-08, 2.9224e-08, 1.1095e-07, 9.1488e-08,
           4.4895e-08, 1.8331e-08, 1.3013e-08, 3.2586e-08, 8.6046e-08,
           8.7414e-09, 1.3825e-09, 9.0567e-09],
          [2.5237e-07, 9.0806e-09, 1.0720e-06, 2.5007e-04, 8.2073e-04,
           2.8015e-04, 2.2478e-04, 4.2157e-04, 7.3200e-04, 7.9020e-04,
           9.6915e-04, 4.0913e-04, 2.7939e-04, 4.8357e-04, 1.5285e-04,
           8.4377e-05, 5.0631e-05, 5.7300e-05, 1.0974e-04, 6.3952e-05,
           5.3395e-05, 1.0579e-05, 7.7126e-06, 1.1264e-05, 3.4295e-06,
           5.8724e-07, 8.3033e-08, 2.8140e-07],
          [5.1887e-07, 7.6596e-08, 7.4511e-06, 6.4607e-04, 2.7684e-03,
           4.5957e-03, 1.2579e-02, 3.8622e-02, 5.5094e-02, 6.6804e-02,
           8.2369e-02, 4.9226e-02, 4.0527e-02, 4.8611e-02, 2.4152e-02,
           2.2008e-02, 1.3540e-02, 1.2344e-02, 1.3477e-02, 5.9371e-03,
           4.6949e-03, 1.1358e-03, 8.0874e-04, 8.2962e-04, 1.4761e-04,
           3.5819e-05, 4.6744e-06, 3.7831e-06],
          [6.6736e-06, 8.9800e-06, 1.9978e-04, 1.9481e-03, 1.1842e-02,
           3.8741e-02, 1.1405e-01, 1.8187e-01, 2.4233e-01, 3.7443e-01,
           4.3294e-01, 4.0653e-01, 3.9565e-01, 3.5614e-01, 3.4398e-01,
           3.3240e-01, 3.1366e-01, 3.2698e-01, 2.8031e-01, 1.8893e-01,
           1.1457e-01, 4.0750e-02, 1.7124e-02, 4.2763e-03, 5.6499e-04,
           1.2738e-04, 1.0626e-05, 1.0304e-05],
          [1.1179e-04, 3.1656e-04, 3.4922e-03, 1.3387e-02, 5.4490e-02,
           1.2327e-01, 2.6554e-01, 4.1537e-01, 5.8462e-01, 6.9779e-01,
           7.4122e-01, 7.4131e-01, 7.2651e-01, 7.0316e-01, 7.0205e-01,
           7.2215e-01, 7.2570e-01, 7.3297e-01, 6.9391e-01, 5.9034e-01,
           3.7760e-01, 1.4609e-01, 3.8882e-02, 3.6087e-03, 4.1772e-04,
           8.5910e-05, 9.9979e-06, 1.6165e-05],
          [1.2817e-03, 2.3319e-03, 1.1855e-02, 3.1902e-02, 9.8797e-02,
           2.0816e-01, 3.7986e-01, 5.6371e-01, 7.3726e-01, 7.9649e-01,
           8.2098e-01, 8.0842e-01, 7.7764e-01, 7.8132e-01, 7.9062e-01,
           8.1305e-01, 8.3914e-01, 8.1914e-01, 8.3604e-01, 8.1996e-01,
           5.9587e-01, 2.9439e-01, 5.5958e-02, 2.7434e-03, 5.1646e-04,
           7.3838e-05, 4.3478e-06, 5.5428e-06],
          [1.2462e-03, 2.5588e-03, 1.3032e-02, 3.5423e-02, 9.7445e-02,
           1.9021e-01, 3.5280e-01, 4.7881e-01, 6.1031e-01, 6.9391e-01,
           7.0027e-01, 6.4403e-01, 5.8126e-01, 5.0586e-01, 4.8306e-01,
           5.4310e-01, 6.3313e-01, 7.2889e-01, 8.3986e-01, 8.6808e-01,
           6.9184e-01, 3.3193e-01, 4.3856e-02, 2.8555e-03, 9.9183e-04,
           6.1962e-05, 1.5140e-06, 1.5158e-06],
          [6.2770e-04, 8.3012e-04, 5.5222e-03, 1.9150e-02, 5.9331e-02,
           1.2101e-01, 2.4515e-01, 3.3599e-01, 3.9774e-01, 4.9998e-01,
           4.5419e-01, 3.3274e-01, 2.1401e-01, 1.9741e-01, 1.9383e-01,
           2.1281e-01, 3.2350e-01, 6.1358e-01, 8.4426e-01, 8.7474e-01,
           6.9690e-01, 2.7795e-01, 2.6699e-02, 2.4959e-03, 1.1815e-03,
           1.9723e-05, 2.7993e-07, 3.4431e-07],
          [1.7658e-04, 1.8373e-04, 1.6089e-03, 7.5683e-03, 2.7799e-02,
           6.3119e-02, 1.5022e-01, 2.3943e-01, 2.3921e-01, 2.8860e-01,
           2.3963e-01, 1.1761e-01, 6.3158e-02, 7.1828e-02, 7.4789e-02,
           8.3283e-02, 2.3386e-01, 6.3490e-01, 8.3290e-01, 8.5602e-01,
           5.6843e-01, 1.5087e-01, 1.1254e-02, 9.0192e-04, 5.0102e-04,
           7.2902e-06, 8.5661e-08, 1.5181e-07],
          [2.5887e-04, 2.8494e-04, 1.2748e-03, 2.6221e-03, 8.0381e-03,
           4.0741e-02, 7.8695e-02, 1.0374e-01, 1.1407e-01, 6.9418e-02,
           3.4722e-02, 1.3481e-02, 1.0057e-02, 1.7733e-02, 1.7566e-02,
           3.9860e-02, 2.5607e-01, 7.0965e-01, 8.4810e-01, 7.9559e-01,
           3.5031e-01, 6.7553e-02, 5.9296e-03, 1.1278e-03, 1.1701e-03,
           2.6563e-05, 7.1388e-07, 2.6092e-06],
          [1.5079e-03, 9.9916e-04, 2.0251e-03, 1.4120e-03, 3.5623e-03,
           9.7232e-03, 4.9699e-03, 6.2075e-03, 9.7232e-03, 2.9995e-03,
           1.4463e-03, 1.0514e-03, 9.6565e-04, 3.0148e-03, 1.0044e-02,
           7.7612e-02, 4.6684e-01, 7.8083e-01, 8.0296e-01, 5.7454e-01,
           1.6838e-01, 3.9476e-02, 6.5827e-03, 3.0636e-03, 5.1518e-03,
           6.0215e-04, 5.0382e-05, 1.0817e-04],
          [7.0700e-03, 7.5285e-04, 1.5215e-03, 1.0688e-03, 1.0090e-03,
           1.4871e-03, 1.8617e-04, 1.3819e-04, 3.0222e-04, 1.0954e-04,
           1.2993e-04, 2.8140e-04, 4.0307e-04, 2.3602e-03, 2.7109e-02,
           2.2998e-01, 7.1694e-01, 8.3398e-01, 7.1358e-01, 3.5070e-01,
           8.2450e-02, 2.2940e-02, 6.8098e-03, 7.9511e-03, 9.6382e-03,
           4.8633e-03, 1.5612e-03, 5.3997e-04],
          [2.7728e-03, 9.5832e-05, 2.4210e-04, 1.2523e-04, 5.3032e-05,
           7.2053e-05, 5.9437e-06, 3.3691e-06, 2.0028e-05, 2.5897e-05,
           4.8756e-05, 2.1477e-04, 5.9528e-04, 6.7122e-03, 8.9643e-02,
           5.1637e-01, 8.8013e-01, 8.6557e-01, 5.8498e-01, 1.4800e-01,
           3.1751e-02, 7.9389e-03, 3.5116e-03, 4.3899e-03, 2.1914e-03,
           1.7381e-03, 1.1122e-03, 3.2290e-04],
          [3.3876e-04, 2.0490e-06, 6.6502e-06, 4.5959e-06, 1.7429e-06,
           3.8631e-06, 9.4246e-07, 1.5188e-06, 1.4848e-05, 2.9569e-05,
           7.9717e-05, 5.2980e-04, 2.3116e-03, 2.2170e-02, 2.3022e-01,
           7.5102e-01, 9.2083e-01, 8.1592e-01, 3.4682e-01, 7.7463e-02,
           1.6062e-02, 4.8181e-03, 7.9266e-04, 1.0982e-04, 2.5221e-05,
           1.7741e-05, 1.5542e-05, 3.2202e-06],
          [2.5268e-05, 3.7690e-08, 8.7611e-08, 8.0694e-08, 1.8064e-08,
           1.1605e-07, 1.7996e-07, 5.2272e-07, 4.5666e-06, 1.3446e-05,
           6.6181e-05, 5.9733e-04, 5.1603e-03, 7.5729e-02, 5.6569e-01,
           8.9340e-01, 9.1318e-01, 6.7401e-01, 1.6161e-01, 3.1822e-02,
           5.0064e-03, 5.3200e-04, 1.2608e-05, 1.6646e-07, 2.6277e-08,
           7.7034e-09, 7.7251e-09, 1.1999e-08],
          [1.7297e-06, 1.3477e-09, 2.2627e-09, 1.5028e-09, 2.2500e-10,
           2.4339e-09, 6.8796e-09, 6.8427e-09, 1.0098e-07, 1.4780e-06,
           2.9426e-05, 6.8911e-04, 1.1765e-02, 2.4580e-01, 8.3984e-01,
           9.4262e-01, 8.4824e-01, 4.1365e-01, 5.6973e-02, 1.0420e-02,
           1.3998e-03, 5.1759e-05, 5.5032e-07, 8.9002e-09, 3.5945e-10,
           2.9104e-11, 1.7322e-11, 5.1177e-11],
          [1.8029e-07, 1.1958e-10, 1.6783e-10, 6.7596e-11, 8.1330e-12,
           4.2597e-11, 7.2078e-11, 7.3790e-11, 2.3177e-09, 1.2546e-07,
           1.0697e-05, 1.2205e-03, 3.4738e-02, 5.2574e-01, 9.1780e-01,
           9.2052e-01, 5.9501e-01, 1.1429e-01, 1.3690e-02, 3.5250e-03,
           6.2960e-04, 5.6836e-05, 1.9927e-06, 2.8593e-08, 1.9046e-10,
           1.9885e-12, 3.6289e-13, 1.4334e-12],
          [1.6427e-08, 4.9411e-11, 3.7960e-11, 1.2410e-11, 2.0900e-12,
           4.7992e-12, 1.9081e-12, 5.6058e-13, 8.6683e-11, 3.1397e-08,
           1.6632e-05, 6.4869e-03, 1.7722e-01, 8.4014e-01, 9.4525e-01,
           8.0562e-01, 2.3706e-01, 3.0582e-02, 4.2520e-03, 5.3273e-04,
           1.4648e-04, 5.5743e-05, 3.0721e-06, 2.5374e-08, 7.8201e-11,
           2.2461e-12, 5.4921e-14, 4.7864e-14],
          [1.3723e-08, 3.9966e-11, 1.2950e-11, 1.4621e-11, 9.6078e-12,
           1.1574e-11, 1.0549e-12, 1.6405e-13, 9.7712e-11, 1.6770e-07,
           1.5931e-04, 5.3578e-02, 5.4991e-01, 9.2716e-01, 9.2046e-01,
           5.2152e-01, 6.5924e-02, 7.0353e-03, 8.0521e-04, 7.4330e-05,
           5.0359e-05, 4.2637e-05, 2.1090e-06, 3.7883e-08, 2.4983e-10,
           1.2395e-11, 3.4323e-14, 6.5065e-15],
          [1.8361e-08, 5.9646e-11, 9.8510e-12, 7.2629e-11, 1.8280e-10,
           5.7088e-11, 7.2751e-12, 3.6046e-11, 2.0300e-08, 1.3738e-05,
           4.9867e-03, 2.4950e-01, 8.0776e-01, 9.2270e-01, 8.0229e-01,
           2.2917e-01, 2.6298e-02, 3.3634e-03, 3.8516e-04, 2.2389e-05,
           3.1933e-05, 2.4051e-05, 8.7152e-07, 4.1562e-08, 1.4613e-09,
           1.2697e-10, 1.0202e-13, 3.7047e-14],
          [5.0522e-08, 1.4948e-10, 1.9421e-11, 4.3342e-10, 4.5074e-09,
           5.3277e-09, 8.3210e-09, 1.0066e-07, 5.2738e-06, 4.9403e-04,
           4.0022e-02, 4.3257e-01, 8.1961e-01, 8.6879e-01, 6.5483e-01,
           1.3614e-01, 1.8805e-02, 3.3166e-03, 5.1846e-04, 1.7839e-05,
           2.4261e-05, 1.5391e-05, 4.4568e-07, 8.0500e-08, 1.2590e-08,
           3.0559e-09, 4.9472e-12, 6.9160e-13],
          [9.2549e-08, 6.1597e-11, 1.1985e-11, 3.1224e-10, 1.1941e-08,
           1.0892e-07, 1.7103e-06, 2.2903e-05, 1.3577e-04, 5.4825e-03,
           9.0848e-02, 5.4720e-01, 8.1988e-01, 7.7958e-01, 4.3340e-01,
           8.0102e-02, 1.0503e-02, 1.9052e-03, 3.3177e-04, 9.3041e-06,
           1.6024e-05, 9.7949e-06, 3.3438e-07, 8.2247e-08, 3.0631e-08,
           4.6695e-09, 7.9752e-11, 9.0327e-11],
          [3.4509e-08, 2.3648e-11, 1.0925e-11, 1.0014e-10, 8.4051e-09,
           2.3395e-07, 4.7387e-06, 1.7946e-04, 7.0048e-04, 1.3303e-02,
           9.9354e-02, 4.2131e-01, 6.1093e-01, 4.8745e-01, 2.0969e-01,
           4.9579e-02, 8.0958e-03, 1.2399e-03, 3.0331e-04, 2.0225e-05,
           3.6898e-05, 2.4431e-05, 6.4634e-07, 4.4627e-08, 1.4402e-08,
           8.5184e-09, 3.6837e-09, 1.0002e-08],
          [6.7992e-08, 3.7124e-10, 1.5799e-10, 7.7393e-10, 4.7555e-08,
           9.1456e-07, 1.1770e-05, 3.3510e-04, 8.3732e-04, 7.0026e-03,
           2.3172e-02, 8.0313e-02, 9.1543e-02, 7.7880e-02, 4.8410e-02,
           1.6539e-02, 3.1961e-03, 4.4423e-04, 1.4273e-04, 4.1939e-05,
           1.2103e-04, 5.4709e-05, 2.8954e-06, 1.3773e-07, 4.3327e-08,
           9.2624e-08, 1.3825e-07, 1.7985e-06]]]], grad_fn=<SigmoidBackward0>)
INFO     18:14:13     Converting the model...
INFO     18:14:13     Model converted to support bounds
Model prediction: tensor([[[[5.4270e-06, 1.1604e-11, 5.1293e-12, 7.3099e-11, 6.8771e-10,
           4.2877e-09, 3.8268e-10, 1.3112e-11, 2.5127e-11, 1.4970e-11,
           5.2135e-11, 4.6868e-11, 4.6642e-13, 2.4045e-13, 1.3832e-13,
           7.4957e-13, 9.0866e-12, 6.1642e-11, 8.0420e-10, 1.3423e-09,
           1.0622e-10, 1.5459e-11, 4.1974e-11, 4.9637e-10, 1.3271e-07,
           1.1115e-05, 4.1111e-05, 3.9096e-05],
          [7.3817e-10, 1.2349e-15, 2.2986e-14, 4.5231e-11, 3.3513e-10,
           1.6841e-10, 1.0190e-12, 1.0526e-14, 1.5061e-14, 1.2431e-15,
           4.8064e-15, 3.5191e-16, 1.4197e-18, 4.8076e-18, 2.2541e-18,
           2.9045e-17, 7.7414e-16, 1.1291e-14, 2.9983e-13, 1.1257e-13,
           3.5479e-15, 2.3673e-15, 1.6703e-14, 1.7996e-12, 2.3482e-09,
           8.3397e-08, 1.3577e-07, 6.9627e-08],
          [1.0610e-09, 2.5847e-14, 8.8855e-12, 6.0976e-08, 1.3795e-07,
           1.3915e-08, 5.5784e-11, 3.2173e-13, 3.5536e-13, 1.7306e-14,
           5.6123e-14, 6.5771e-15, 4.2178e-17, 1.5282e-16, 3.8613e-17,
           1.5805e-16, 3.2312e-15, 3.9300e-14, 4.6156e-13, 1.3204e-13,
           8.3328e-15, 5.7946e-15, 2.9856e-14, 7.4080e-13, 1.9830e-10,
           6.9947e-10, 2.6901e-10, 7.2414e-10],
          [1.9237e-09, 4.0318e-12, 3.4793e-09, 5.9812e-06, 6.1827e-06,
           3.1776e-07, 2.9674e-09, 1.4069e-10, 1.9815e-10, 3.6851e-11,
           1.0837e-10, 5.2595e-12, 1.1880e-13, 3.5453e-13, 6.9527e-14,
           2.2027e-13, 2.0325e-12, 8.5003e-12, 3.3566e-11, 1.1671e-11,
           2.3447e-12, 8.4894e-13, 1.3785e-12, 1.2606e-11, 3.2865e-10,
           2.1512e-10, 5.4717e-11, 1.1354e-09],
          [6.0086e-08, 5.0684e-10, 1.0784e-07, 6.7172e-05, 1.1704e-04,
           1.2690e-05, 7.2055e-07, 2.8112e-07, 4.7954e-07, 2.1966e-07,
           3.5213e-07, 2.5679e-08, 4.0015e-09, 2.5552e-08, 7.1090e-09,
           7.4829e-09, 1.9850e-08, 2.9224e-08, 1.1095e-07, 9.1488e-08,
           4.4895e-08, 1.8331e-08, 1.3013e-08, 3.2586e-08, 8.6046e-08,
           8.7414e-09, 1.3825e-09, 9.0567e-09],
          [2.5237e-07, 9.0806e-09, 1.0720e-06, 2.5007e-04, 8.2073e-04,
           2.8015e-04, 2.2478e-04, 4.2157e-04, 7.3200e-04, 7.9020e-04,
           9.6915e-04, 4.0913e-04, 2.7939e-04, 4.8357e-04, 1.5285e-04,
           8.4377e-05, 5.0631e-05, 5.7300e-05, 1.0974e-04, 6.3952e-05,
           5.3395e-05, 1.0579e-05, 7.7126e-06, 1.1264e-05, 3.4295e-06,
           5.8724e-07, 8.3033e-08, 2.8140e-07],
          [5.1887e-07, 7.6596e-08, 7.4511e-06, 6.4607e-04, 2.7684e-03,
           4.5957e-03, 1.2579e-02, 3.8622e-02, 5.5094e-02, 6.6804e-02,
           8.2369e-02, 4.9226e-02, 4.0527e-02, 4.8611e-02, 2.4152e-02,
           2.2008e-02, 1.3540e-02, 1.2344e-02, 1.3477e-02, 5.9371e-03,
           4.6949e-03, 1.1358e-03, 8.0874e-04, 8.2962e-04, 1.4761e-04,
           3.5819e-05, 4.6744e-06, 3.7831e-06],
          [6.6736e-06, 8.9800e-06, 1.9978e-04, 1.9481e-03, 1.1842e-02,
           3.8741e-02, 1.1405e-01, 1.8187e-01, 2.4233e-01, 3.7443e-01,
           4.3294e-01, 4.0653e-01, 3.9565e-01, 3.5614e-01, 3.4398e-01,
           3.3240e-01, 3.1366e-01, 3.2698e-01, 2.8031e-01, 1.8893e-01,
           1.1457e-01, 4.0750e-02, 1.7124e-02, 4.2763e-03, 5.6499e-04,
           1.2738e-04, 1.0626e-05, 1.0304e-05],
          [1.1179e-04, 3.1656e-04, 3.4922e-03, 1.3387e-02, 5.4490e-02,
           1.2327e-01, 2.6554e-01, 4.1537e-01, 5.8462e-01, 6.9779e-01,
           7.4122e-01, 7.4131e-01, 7.2651e-01, 7.0316e-01, 7.0205e-01,
           7.2215e-01, 7.2570e-01, 7.3297e-01, 6.9391e-01, 5.9034e-01,
           3.7760e-01, 1.4609e-01, 3.8882e-02, 3.6087e-03, 4.1772e-04,
           8.5910e-05, 9.9979e-06, 1.6165e-05],
          [1.2817e-03, 2.3319e-03, 1.1855e-02, 3.1902e-02, 9.8797e-02,
           2.0816e-01, 3.7986e-01, 5.6371e-01, 7.3726e-01, 7.9649e-01,
           8.2098e-01, 8.0842e-01, 7.7764e-01, 7.8132e-01, 7.9062e-01,
           8.1305e-01, 8.3914e-01, 8.1914e-01, 8.3604e-01, 8.1996e-01,
           5.9587e-01, 2.9439e-01, 5.5958e-02, 2.7434e-03, 5.1646e-04,
           7.3838e-05, 4.3478e-06, 5.5428e-06],
          [1.2462e-03, 2.5588e-03, 1.3032e-02, 3.5423e-02, 9.7445e-02,
           1.9021e-01, 3.5280e-01, 4.7881e-01, 6.1031e-01, 6.9391e-01,
           7.0027e-01, 6.4403e-01, 5.8126e-01, 5.0586e-01, 4.8306e-01,
           5.4310e-01, 6.3313e-01, 7.2889e-01, 8.3986e-01, 8.6808e-01,
           6.9184e-01, 3.3193e-01, 4.3856e-02, 2.8555e-03, 9.9183e-04,
           6.1962e-05, 1.5140e-06, 1.5158e-06],
          [6.2770e-04, 8.3012e-04, 5.5222e-03, 1.9150e-02, 5.9331e-02,
           1.2101e-01, 2.4515e-01, 3.3599e-01, 3.9774e-01, 4.9998e-01,
           4.5419e-01, 3.3274e-01, 2.1401e-01, 1.9741e-01, 1.9383e-01,
           2.1281e-01, 3.2350e-01, 6.1358e-01, 8.4426e-01, 8.7474e-01,
           6.9690e-01, 2.7795e-01, 2.6699e-02, 2.4959e-03, 1.1815e-03,
           1.9723e-05, 2.7993e-07, 3.4431e-07],
          [1.7658e-04, 1.8373e-04, 1.6089e-03, 7.5683e-03, 2.7799e-02,
           6.3119e-02, 1.5022e-01, 2.3943e-01, 2.3921e-01, 2.8860e-01,
           2.3963e-01, 1.1761e-01, 6.3158e-02, 7.1828e-02, 7.4789e-02,
           8.3283e-02, 2.3386e-01, 6.3490e-01, 8.3290e-01, 8.5602e-01,
           5.6843e-01, 1.5087e-01, 1.1254e-02, 9.0192e-04, 5.0102e-04,
           7.2902e-06, 8.5661e-08, 1.5181e-07],
          [2.5887e-04, 2.8494e-04, 1.2748e-03, 2.6221e-03, 8.0381e-03,
           4.0741e-02, 7.8695e-02, 1.0374e-01, 1.1407e-01, 6.9418e-02,
           3.4722e-02, 1.3481e-02, 1.0057e-02, 1.7733e-02, 1.7566e-02,
           3.9860e-02, 2.5607e-01, 7.0965e-01, 8.4810e-01, 7.9559e-01,
           3.5031e-01, 6.7553e-02, 5.9296e-03, 1.1278e-03, 1.1701e-03,
           2.6563e-05, 7.1388e-07, 2.6092e-06],
          [1.5079e-03, 9.9916e-04, 2.0251e-03, 1.4120e-03, 3.5623e-03,
           9.7232e-03, 4.9699e-03, 6.2075e-03, 9.7232e-03, 2.9995e-03,
           1.4463e-03, 1.0514e-03, 9.6565e-04, 3.0148e-03, 1.0044e-02,
           7.7612e-02, 4.6684e-01, 7.8083e-01, 8.0296e-01, 5.7454e-01,
           1.6838e-01, 3.9476e-02, 6.5827e-03, 3.0636e-03, 5.1518e-03,
           6.0215e-04, 5.0382e-05, 1.0817e-04],
          [7.0700e-03, 7.5285e-04, 1.5215e-03, 1.0688e-03, 1.0090e-03,
           1.4871e-03, 1.8617e-04, 1.3819e-04, 3.0222e-04, 1.0954e-04,
           1.2993e-04, 2.8140e-04, 4.0307e-04, 2.3602e-03, 2.7109e-02,
           2.2998e-01, 7.1694e-01, 8.3398e-01, 7.1358e-01, 3.5070e-01,
           8.2450e-02, 2.2940e-02, 6.8098e-03, 7.9511e-03, 9.6382e-03,
           4.8633e-03, 1.5612e-03, 5.3997e-04],
          [2.7728e-03, 9.5832e-05, 2.4210e-04, 1.2523e-04, 5.3032e-05,
           7.2053e-05, 5.9437e-06, 3.3691e-06, 2.0028e-05, 2.5897e-05,
           4.8756e-05, 2.1477e-04, 5.9528e-04, 6.7122e-03, 8.9643e-02,
           5.1637e-01, 8.8013e-01, 8.6557e-01, 5.8498e-01, 1.4800e-01,
           3.1751e-02, 7.9389e-03, 3.5116e-03, 4.3899e-03, 2.1914e-03,
           1.7381e-03, 1.1122e-03, 3.2290e-04],
          [3.3876e-04, 2.0490e-06, 6.6502e-06, 4.5959e-06, 1.7429e-06,
           3.8631e-06, 9.4246e-07, 1.5188e-06, 1.4848e-05, 2.9569e-05,
           7.9717e-05, 5.2980e-04, 2.3116e-03, 2.2170e-02, 2.3022e-01,
           7.5102e-01, 9.2083e-01, 8.1592e-01, 3.4682e-01, 7.7463e-02,
           1.6062e-02, 4.8181e-03, 7.9266e-04, 1.0982e-04, 2.5221e-05,
           1.7741e-05, 1.5542e-05, 3.2202e-06],
          [2.5268e-05, 3.7690e-08, 8.7611e-08, 8.0694e-08, 1.8064e-08,
           1.1605e-07, 1.7996e-07, 5.2272e-07, 4.5666e-06, 1.3446e-05,
           6.6181e-05, 5.9733e-04, 5.1603e-03, 7.5729e-02, 5.6569e-01,
           8.9340e-01, 9.1318e-01, 6.7401e-01, 1.6161e-01, 3.1822e-02,
           5.0064e-03, 5.3200e-04, 1.2608e-05, 1.6646e-07, 2.6277e-08,
           7.7034e-09, 7.7251e-09, 1.1999e-08],
          [1.7297e-06, 1.3477e-09, 2.2627e-09, 1.5028e-09, 2.2500e-10,
           2.4339e-09, 6.8796e-09, 6.8427e-09, 1.0098e-07, 1.4780e-06,
           2.9426e-05, 6.8911e-04, 1.1765e-02, 2.4580e-01, 8.3984e-01,
           9.4262e-01, 8.4824e-01, 4.1365e-01, 5.6973e-02, 1.0420e-02,
           1.3998e-03, 5.1759e-05, 5.5032e-07, 8.9002e-09, 3.5945e-10,
           2.9104e-11, 1.7322e-11, 5.1177e-11],
          [1.8029e-07, 1.1958e-10, 1.6783e-10, 6.7596e-11, 8.1330e-12,
           4.2597e-11, 7.2078e-11, 7.3790e-11, 2.3177e-09, 1.2546e-07,
           1.0697e-05, 1.2205e-03, 3.4738e-02, 5.2574e-01, 9.1780e-01,
           9.2052e-01, 5.9501e-01, 1.1429e-01, 1.3690e-02, 3.5250e-03,
           6.2960e-04, 5.6836e-05, 1.9927e-06, 2.8593e-08, 1.9046e-10,
           1.9885e-12, 3.6289e-13, 1.4334e-12],
          [1.6427e-08, 4.9411e-11, 3.7960e-11, 1.2410e-11, 2.0900e-12,
           4.7992e-12, 1.9081e-12, 5.6058e-13, 8.6683e-11, 3.1397e-08,
           1.6632e-05, 6.4869e-03, 1.7722e-01, 8.4014e-01, 9.4525e-01,
           8.0562e-01, 2.3706e-01, 3.0582e-02, 4.2520e-03, 5.3273e-04,
           1.4648e-04, 5.5743e-05, 3.0721e-06, 2.5374e-08, 7.8201e-11,
           2.2461e-12, 5.4921e-14, 4.7864e-14],
          [1.3723e-08, 3.9966e-11, 1.2950e-11, 1.4621e-11, 9.6078e-12,
           1.1574e-11, 1.0549e-12, 1.6405e-13, 9.7712e-11, 1.6770e-07,
           1.5931e-04, 5.3578e-02, 5.4991e-01, 9.2716e-01, 9.2046e-01,
           5.2152e-01, 6.5924e-02, 7.0353e-03, 8.0521e-04, 7.4330e-05,
           5.0359e-05, 4.2637e-05, 2.1090e-06, 3.7883e-08, 2.4983e-10,
           1.2395e-11, 3.4323e-14, 6.5065e-15],
          [1.8361e-08, 5.9646e-11, 9.8510e-12, 7.2629e-11, 1.8280e-10,
           5.7088e-11, 7.2751e-12, 3.6046e-11, 2.0300e-08, 1.3738e-05,
           4.9867e-03, 2.4950e-01, 8.0776e-01, 9.2270e-01, 8.0229e-01,
           2.2917e-01, 2.6298e-02, 3.3634e-03, 3.8516e-04, 2.2389e-05,
           3.1933e-05, 2.4051e-05, 8.7152e-07, 4.1562e-08, 1.4613e-09,
           1.2697e-10, 1.0202e-13, 3.7047e-14],
          [5.0522e-08, 1.4948e-10, 1.9421e-11, 4.3342e-10, 4.5074e-09,
           5.3277e-09, 8.3210e-09, 1.0066e-07, 5.2738e-06, 4.9403e-04,
           4.0022e-02, 4.3257e-01, 8.1961e-01, 8.6879e-01, 6.5483e-01,
           1.3614e-01, 1.8805e-02, 3.3166e-03, 5.1846e-04, 1.7839e-05,
           2.4261e-05, 1.5391e-05, 4.4568e-07, 8.0500e-08, 1.2590e-08,
           3.0559e-09, 4.9472e-12, 6.9160e-13],
          [9.2549e-08, 6.1597e-11, 1.1985e-11, 3.1224e-10, 1.1941e-08,
           1.0892e-07, 1.7103e-06, 2.2903e-05, 1.3577e-04, 5.4825e-03,
           9.0848e-02, 5.4720e-01, 8.1988e-01, 7.7958e-01, 4.3340e-01,
           8.0102e-02, 1.0503e-02, 1.9052e-03, 3.3177e-04, 9.3041e-06,
           1.6024e-05, 9.7949e-06, 3.3438e-07, 8.2247e-08, 3.0631e-08,
           4.6695e-09, 7.9752e-11, 9.0327e-11],
          [3.4509e-08, 2.3648e-11, 1.0925e-11, 1.0014e-10, 8.4051e-09,
           2.3395e-07, 4.7387e-06, 1.7946e-04, 7.0048e-04, 1.3303e-02,
           9.9354e-02, 4.2131e-01, 6.1093e-01, 4.8745e-01, 2.0969e-01,
           4.9579e-02, 8.0958e-03, 1.2399e-03, 3.0331e-04, 2.0225e-05,
           3.6898e-05, 2.4431e-05, 6.4634e-07, 4.4627e-08, 1.4402e-08,
           8.5184e-09, 3.6837e-09, 1.0002e-08],
          [6.7992e-08, 3.7124e-10, 1.5799e-10, 7.7393e-10, 4.7555e-08,
           9.1456e-07, 1.1770e-05, 3.3510e-04, 8.3732e-04, 7.0026e-03,
           2.3172e-02, 8.0313e-02, 9.1543e-02, 7.7880e-02, 4.8410e-02,
           1.6539e-02, 3.1961e-03, 4.4423e-04, 1.4273e-04, 4.1939e-05,
           1.2103e-04, 5.4709e-05, 2.8954e-06, 1.3773e-07, 4.3327e-08,
           9.2624e-08, 1.3825e-07, 1.7985e-06]]]])
Bounding method: backward (CROWN, DeepPoly)
lb = tensor([[[[5.3811e-06, 1.1399e-11, 5.0391e-12, 7.1987e-11, 6.7872e-10,
           4.2388e-09, 3.7777e-10, 1.2919e-11, 2.4767e-11, 1.4756e-11,
           5.1480e-11, 4.6296e-11, 4.5728e-13, 2.3386e-13, 1.3497e-13,
           7.3516e-13, 8.9307e-12, 6.0660e-11, 7.9377e-10, 1.3253e-09,
           1.0454e-10, 1.5181e-11, 4.1249e-11, 4.8901e-10, 1.3144e-07,
           1.1061e-05, 4.0897e-05, 3.8822e-05],
          [7.2631e-10, 1.2029e-15, 2.2472e-14, 4.4504e-11, 3.3069e-10,
           1.6632e-10, 1.0032e-12, 1.0339e-14, 1.4785e-14, 1.2180e-15,
           4.7117e-15, 3.4424e-16, 1.3773e-18, 4.6491e-18, 2.1909e-18,
           2.8265e-17, 7.5514e-16, 1.1045e-14, 2.9448e-13, 1.1043e-13,
           3.4622e-15, 2.3062e-15, 1.6298e-14, 1.7640e-12, 2.3211e-09,
           8.2968e-08, 1.3435e-07, 6.8684e-08],
          [1.0423e-09, 2.5187e-14, 8.7114e-12, 6.0257e-08, 1.3670e-07,
           1.3782e-08, 5.5138e-11, 3.1702e-13, 3.4967e-13, 1.6960e-14,
           5.4909e-14, 6.4215e-15, 4.1076e-17, 1.4900e-16, 3.7566e-17,
           1.5373e-16, 3.1525e-15, 3.8467e-14, 4.5345e-13, 1.2949e-13,
           8.1253e-15, 5.6375e-15, 2.9092e-14, 7.2495e-13, 1.9582e-10,
           6.9453e-10, 2.6528e-10, 7.1092e-10],
          [1.8891e-09, 3.9444e-12, 3.4276e-09, 5.9354e-06, 6.1374e-06,
           3.1492e-07, 2.9422e-09, 1.3917e-10, 1.9573e-10, 3.6246e-11,
           1.0645e-10, 5.1595e-12, 1.1619e-13, 3.4691e-13, 6.7927e-14,
           2.1531e-13, 1.9917e-12, 8.3459e-12, 3.3051e-11, 1.1463e-11,
           2.2919e-12, 8.2774e-13, 1.3456e-12, 1.2369e-11, 3.2496e-10,
           2.1338e-10, 5.3789e-11, 1.1139e-09],
          [5.9220e-08, 4.9834e-10, 1.0665e-07, 6.6831e-05, 1.1657e-04,
           1.2632e-05, 7.1593e-07, 2.7902e-07, 4.7550e-07, 2.1724e-07,
           3.4807e-07, 2.5356e-08, 3.9401e-09, 2.5174e-08, 6.9951e-09,
           7.3573e-09, 1.9537e-08, 2.8797e-08, 1.0966e-07, 9.0329e-08,
           4.4201e-08, 1.8020e-08, 1.2806e-08, 3.2197e-08, 8.5419e-08,
           8.6702e-09, 1.3617e-09, 8.9101e-09],
          [2.4957e-07, 8.9713e-09, 1.0644e-06, 2.4953e-04, 8.1889e-04,
           2.7942e-04, 2.2409e-04, 4.2029e-04, 7.2917e-04, 7.8558e-04,
           9.6331e-04, 4.0624e-04, 2.7690e-04, 4.7936e-04, 1.5131e-04,
           8.3432e-05, 5.0044e-05, 5.6713e-05, 1.0890e-04, 6.3422e-05,
           5.2907e-05, 1.0470e-05, 7.6449e-06, 1.1194e-05, 3.4126e-06,
           5.8200e-07, 8.2034e-08, 2.7843e-07],
          [5.1490e-07, 7.6052e-08, 7.4242e-06, 6.4546e-04, 2.7605e-03,
           4.5837e-03, 1.2564e-02, 3.8579e-02, 5.4993e-02, 6.6614e-02,
           8.2141e-02, 4.9061e-02, 4.0349e-02, 4.8400e-02, 2.4015e-02,
           2.1871e-02, 1.3447e-02, 1.2271e-02, 1.3421e-02, 5.9108e-03,
           4.6751e-03, 1.1288e-03, 8.0413e-04, 8.2651e-04, 1.4681e-04,
           3.5517e-05, 4.6353e-06, 3.7633e-06],
          [6.6409e-06, 8.9490e-06, 1.9938e-04, 1.9423e-03, 1.1799e-02,
           3.8633e-02, 1.1392e-01, 1.8174e-01, 2.4205e-01, 3.7391e-01,
           4.3250e-01, 4.0618e-01, 3.9517e-01, 3.5551e-01, 3.4326e-01,
           3.3166e-01, 3.1292e-01, 3.2638e-01, 2.7981e-01, 1.8841e-01,
           1.1411e-01, 4.0532e-02, 1.7027e-02, 4.2500e-03, 5.6085e-04,
           1.2634e-04, 1.0558e-05, 1.0255e-05],
          [1.1161e-04, 3.1589e-04, 3.4729e-03, 1.3308e-02, 5.4303e-02,
           1.2292e-01, 2.6509e-01, 4.1510e-01, 5.8452e-01, 6.9754e-01,
           7.4098e-01, 7.4101e-01, 7.2622e-01, 7.0291e-01, 7.0176e-01,
           7.2196e-01, 7.2564e-01, 7.3277e-01, 6.9330e-01, 5.8947e-01,
           3.7651e-01, 1.4536e-01, 3.8609e-02, 3.5776e-03, 4.1402e-04,
           8.4965e-05, 9.8873e-06, 1.6027e-05],
          [1.2798e-03, 2.3210e-03, 1.1766e-02, 3.1655e-02, 9.8263e-02,
           2.0742e-01, 3.7909e-01, 5.6294e-01, 7.3670e-01, 7.9615e-01,
           8.2067e-01, 8.0815e-01, 7.7738e-01, 7.8094e-01, 7.9027e-01,
           8.1269e-01, 8.3884e-01, 8.1913e-01, 8.3573e-01, 8.1945e-01,
           5.9472e-01, 2.9322e-01, 5.5552e-02, 2.7123e-03, 5.1112e-04,
           7.2899e-05, 4.2857e-06, 5.4863e-06],
          [1.2439e-03, 2.5447e-03, 1.2927e-02, 3.5114e-02, 9.6798e-02,
           1.8946e-01, 3.5184e-01, 4.7765e-01, 6.0939e-01, 6.9330e-01,
           6.9960e-01, 6.4314e-01, 5.8030e-01, 5.0470e-01, 4.8220e-01,
           5.4262e-01, 6.3273e-01, 7.2861e-01, 8.3969e-01, 8.6757e-01,
           6.9068e-01, 3.3055e-01, 4.3518e-02, 2.8193e-03, 9.8180e-04,
           6.1323e-05, 1.4963e-06, 1.5023e-06],
          [6.2672e-04, 8.2564e-04, 5.4769e-03, 1.8967e-02, 5.8890e-02,
           1.2040e-01, 2.4414e-01, 3.3488e-01, 3.9687e-01, 4.9924e-01,
           4.5338e-01, 3.3192e-01, 2.1331e-01, 1.9663e-01, 1.9341e-01,
           2.1267e-01, 3.2277e-01, 6.1280e-01, 8.4411e-01, 8.7420e-01,
           6.9547e-01, 2.7644e-01, 2.6469e-02, 2.4647e-03, 1.1713e-03,
           1.9557e-05, 2.7787e-07, 3.4157e-07],
          [1.7621e-04, 1.8292e-04, 1.5969e-03, 7.4968e-03, 2.7583e-02,
           6.2762e-02, 1.4958e-01, 2.3881e-01, 2.3883e-01, 2.8833e-01,
           2.3946e-01, 1.1752e-01, 6.3095e-02, 7.1699e-02, 7.4675e-02,
           8.2956e-02, 2.3276e-01, 6.3393e-01, 8.3264e-01, 8.5528e-01,
           5.6647e-01, 1.4980e-01, 1.1159e-02, 8.9110e-04, 4.9630e-04,
           7.2356e-06, 8.5155e-08, 1.5031e-07],
          [2.5817e-04, 2.8361e-04, 1.2655e-03, 2.5990e-03, 7.9817e-03,
           4.0522e-02, 7.8363e-02, 1.0334e-01, 1.1388e-01, 6.9228e-02,
           3.4585e-02, 1.3409e-02, 1.0006e-02, 1.7660e-02, 1.7454e-02,
           3.9499e-02, 2.5441e-01, 7.0889e-01, 8.4773e-01, 7.9436e-01,
           3.4838e-01, 6.7085e-02, 5.8767e-03, 1.1149e-03, 1.1597e-03,
           2.6455e-05, 7.0941e-07, 2.5884e-06],
          [1.5052e-03, 9.9525e-04, 2.0131e-03, 1.4029e-03, 3.5466e-03,
           9.6706e-03, 4.9405e-03, 6.1833e-03, 9.6778e-03, 2.9741e-03,
           1.4310e-03, 1.0388e-03, 9.5425e-04, 2.9852e-03, 9.9478e-03,
           7.6916e-02, 4.6506e-01, 7.8044e-01, 8.0216e-01, 5.7257e-01,
           1.6733e-01, 3.9276e-02, 6.5263e-03, 3.0356e-03, 5.1250e-03,
           6.0153e-04, 5.0125e-05, 1.0727e-04],
          [7.0576e-03, 7.5112e-04, 1.5140e-03, 1.0623e-03, 1.0038e-03,
           1.4794e-03, 1.8503e-04, 1.3690e-04, 2.9925e-04, 1.0810e-04,
           1.2800e-04, 2.7711e-04, 3.9719e-04, 2.3344e-03, 2.6888e-02,
           2.2863e-01, 7.1602e-01, 8.3353e-01, 7.1231e-01, 3.4888e-01,
           8.1992e-02, 2.2833e-02, 6.7671e-03, 7.9314e-03, 9.6359e-03,
           4.8506e-03, 1.5497e-03, 5.3506e-04],
          [2.7663e-03, 9.5563e-05, 2.4106e-04, 1.2460e-04, 5.2843e-05,
           7.1724e-05, 5.8808e-06, 3.3233e-06, 1.9777e-05, 2.5540e-05,
           4.8010e-05, 2.1164e-04, 5.8770e-04, 6.6513e-03, 8.9068e-02,
           5.1482e-01, 8.7959e-01, 8.6515e-01, 5.8333e-01, 1.4706e-01,
           3.1599e-02, 7.9202e-03, 3.5088e-03, 4.3759e-03, 2.1831e-03,
           1.7294e-03, 1.1036e-03, 3.2043e-04],
          [3.3592e-04, 2.0261e-06, 6.5909e-06, 4.5529e-06, 1.7298e-06,
           3.8362e-06, 9.3102e-07, 1.4971e-06, 1.4671e-05, 2.9217e-05,
           7.8707e-05, 5.2414e-04, 2.2905e-03, 2.2005e-02, 2.2917e-01,
           7.5022e-01, 9.2050e-01, 8.1535e-01, 3.4525e-01, 7.6993e-02,
           1.5989e-02, 4.8066e-03, 7.8803e-04, 1.0899e-04, 2.5065e-05,
           1.7607e-05, 1.5438e-05, 3.2046e-06],
          [2.4862e-05, 3.6885e-08, 8.6021e-08, 7.9331e-08, 1.7796e-08,
           1.1465e-07, 1.7778e-07, 5.1538e-07, 4.5133e-06, 1.3304e-05,
           6.5529e-05, 5.9255e-04, 5.1241e-03, 7.5126e-02, 5.6420e-01,
           8.9314e-01, 9.1303e-01, 6.7294e-01, 1.6079e-01, 3.1654e-02,
           4.9846e-03, 5.2753e-04, 1.2450e-05, 1.6419e-07, 2.5958e-08,
           7.6065e-09, 7.6462e-09, 1.1905e-08],
          [1.6930e-06, 1.3134e-09, 2.2117e-09, 1.4709e-09, 2.2050e-10,
           2.3933e-09, 6.7690e-09, 6.7303e-09, 9.9577e-08, 1.4600e-06,
           2.9123e-05, 6.8230e-04, 1.1627e-02, 2.4343e-01, 8.3861e-01,
           9.4246e-01, 8.4765e-01, 4.1236e-01, 5.6682e-02, 1.0357e-02,
           1.3889e-03, 5.1100e-05, 5.4111e-07, 8.7487e-09, 3.5430e-10,
           2.8668e-11, 1.7103e-11, 5.0616e-11],
          [1.7675e-07, 1.1665e-10, 1.6391e-10, 6.6009e-11, 7.9475e-12,
           4.1658e-11, 7.0294e-11, 7.1880e-11, 2.2636e-09, 1.2284e-07,
           1.0502e-05, 1.1996e-03, 3.4161e-02, 5.2214e-01, 9.1719e-01,
           9.2028e-01, 5.9355e-01, 1.1363e-01, 1.3596e-02, 3.4973e-03,
           6.2459e-04, 5.6159e-05, 1.9632e-06, 2.8165e-08, 1.8811e-10,
           1.9589e-12, 3.5757e-13, 1.4135e-12],
          [1.6179e-08, 4.8485e-11, 3.7210e-11, 1.2161e-11, 2.0459e-12,
           4.6847e-12, 1.8492e-12, 5.4070e-13, 8.3765e-11, 3.0438e-08,
           1.6210e-05, 6.3376e-03, 1.7423e-01, 8.3851e-01, 9.4513e-01,
           8.0471e-01, 2.3584e-01, 3.0390e-02, 4.2224e-03, 5.2911e-04,
           1.4520e-04, 5.5069e-05, 3.0267e-06, 2.4991e-08, 7.7240e-11,
           2.2127e-12, 5.4005e-14, 4.7077e-14],
          [1.3615e-08, 3.9569e-11, 1.2810e-11, 1.4451e-11, 9.4640e-12,
           1.1337e-11, 1.0224e-12, 1.5743e-13, 9.3750e-11, 1.6163e-07,
           1.5471e-04, 5.2292e-02, 5.4476e-01, 9.2654e-01, 9.2020e-01,
           5.1925e-01, 6.5369e-02, 6.9833e-03, 7.9962e-04, 7.3680e-05,
           4.9801e-05, 4.2010e-05, 2.0722e-06, 3.7271e-08, 2.4668e-10,
           1.2220e-11, 3.3750e-14, 6.3966e-15],
          [1.8237e-08, 5.9060e-11, 9.7343e-12, 7.1956e-11, 1.8079e-10,
           5.6093e-11, 7.0692e-12, 3.4716e-11, 1.9520e-08, 1.3270e-05,
           4.8520e-03, 2.4498e-01, 8.0492e-01, 9.2241e-01, 8.0114e-01,
           2.2737e-01, 2.6037e-02, 3.3281e-03, 3.8163e-04, 2.2156e-05,
           3.1509e-05, 2.3619e-05, 8.5406e-07, 4.0925e-08, 1.4425e-09,
           1.2528e-10, 1.0034e-13, 3.6469e-14],
          [5.0264e-08, 1.4822e-10, 1.9201e-11, 4.2986e-10, 4.4603e-09,
           5.2501e-09, 8.1375e-09, 9.7788e-08, 5.1088e-06, 4.7931e-04,
           3.9115e-02, 4.2776e-01, 8.1763e-01, 8.6857e-01, 6.5237e-01,
           1.3468e-01, 1.8553e-02, 3.2714e-03, 5.1280e-04, 1.7629e-05,
           2.3888e-05, 1.5073e-05, 4.3589e-07, 7.9249e-08, 1.2439e-08,
           3.0210e-09, 4.8752e-12, 6.8200e-13],
          [9.2126e-08, 6.1021e-11, 1.1843e-11, 3.0939e-10, 1.1833e-08,
           1.0749e-07, 1.6801e-06, 2.2391e-05, 1.3228e-04, 5.3520e-03,
           8.9260e-02, 5.4342e-01, 8.1864e-01, 7.7873e-01, 4.3021e-01,
           7.8946e-02, 1.0319e-02, 1.8757e-03, 3.2747e-04, 9.1546e-06,
           1.5713e-05, 9.5796e-06, 3.2774e-07, 8.1125e-08, 3.0290e-08,
           4.6155e-09, 7.8709e-11, 8.9367e-11],
          [3.4300e-08, 2.3391e-11, 1.0784e-11, 9.8973e-11, 8.3253e-09,
           2.3110e-07, 4.6695e-06, 1.7659e-04, 6.8793e-04, 1.3092e-02,
           9.8057e-02, 4.1813e-01, 6.0949e-01, 4.8608e-01, 2.0753e-01,
           4.8806e-02, 7.9506e-03, 1.2191e-03, 2.9843e-04, 1.9832e-05,
           3.6135e-05, 2.3985e-05, 6.3799e-07, 4.4014e-08, 1.4232e-08,
           8.4225e-09, 3.6459e-09, 9.9264e-09],
          [6.7529e-08, 3.6730e-10, 1.5598e-10, 7.6460e-10, 4.7122e-08,
           9.0662e-07, 1.1667e-05, 3.3225e-04, 8.2946e-04, 6.9395e-03,
           2.2951e-02, 7.9783e-02, 9.1387e-02, 7.7514e-02, 4.7934e-02,
           1.6327e-02, 3.1501e-03, 4.3757e-04, 1.4049e-04, 4.1240e-05,
           1.1917e-04, 5.4160e-05, 2.8652e-06, 1.3612e-07, 4.2860e-08,
           9.1778e-08, 1.3724e-07, 1.7888e-06]]]]), ub = tensor([[[[5.4731e-06, 1.1810e-11, 5.2203e-12, 7.4219e-11, 6.9677e-10,
           4.3368e-09, 3.8762e-10, 1.3306e-11, 2.5490e-11, 1.5185e-11,
           5.2792e-11, 4.7443e-11, 4.7565e-13, 2.4713e-13, 1.4172e-13,
           7.6411e-13, 9.2439e-12, 6.2633e-11, 8.1470e-10, 1.3593e-09,
           1.0792e-10, 1.5739e-11, 4.2706e-11, 5.0379e-10, 1.3398e-07,
           1.1170e-05, 4.1326e-05, 3.9371e-05],
          [7.5014e-10, 1.2672e-15, 2.3505e-14, 4.5964e-11, 3.3960e-10,
           1.7052e-10, 1.0348e-12, 1.0716e-14, 1.5341e-14, 1.2686e-15,
           4.9025e-15, 3.5969e-16, 1.4629e-18, 4.9689e-18, 2.3183e-18,
           2.9836e-17, 7.9336e-16, 1.1540e-14, 3.0522e-13, 1.1474e-13,
           3.6346e-15, 2.4292e-15, 1.7113e-14, 1.8357e-12, 2.3754e-09,
           8.3827e-08, 1.3720e-07, 7.0577e-08],
          [1.0798e-09, 2.6516e-14, 9.0613e-12, 6.1698e-08, 1.3920e-07,
           1.4048e-08, 5.6439e-11, 3.2655e-13, 3.6119e-13, 1.7661e-14,
           5.7364e-14, 6.7353e-15, 4.3298e-17, 1.5670e-16, 3.9675e-17,
           1.6242e-16, 3.3109e-15, 4.0141e-14, 4.6975e-13, 1.3463e-13,
           8.5430e-15, 5.9538e-15, 3.0630e-14, 7.5683e-13, 2.0079e-10,
           7.0442e-10, 2.7277e-10, 7.3748e-10],
          [1.9585e-09, 4.1202e-12, 3.5314e-09, 6.0271e-06, 6.2282e-06,
           3.2065e-07, 2.9932e-09, 1.4226e-10, 2.0066e-10, 3.7474e-11,
           1.1035e-10, 5.3612e-12, 1.2147e-13, 3.6226e-13, 7.1147e-14,
           2.2530e-13, 2.0737e-12, 8.6559e-12, 3.4085e-11, 1.1882e-11,
           2.3981e-12, 8.7042e-13, 1.4118e-12, 1.2845e-11, 3.3237e-10,
           2.1688e-10, 5.5652e-11, 1.1571e-09],
          [6.0959e-08, 5.1542e-10, 1.0904e-07, 6.7514e-05, 1.1750e-04,
           1.2749e-05, 7.2532e-07, 2.8334e-07, 4.8378e-07, 2.2218e-07,
           3.5632e-07, 2.6009e-08, 4.0639e-09, 2.5936e-08, 7.2242e-09,
           7.6096e-09, 2.0164e-08, 2.9655e-08, 1.1226e-07, 9.2654e-08,
           4.5594e-08, 1.8645e-08, 1.3221e-08, 3.2977e-08, 8.6675e-08,
           8.8129e-09, 1.4033e-09, 9.2045e-09],
          [2.5519e-07, 9.1906e-09, 1.0796e-06, 2.5061e-04, 8.2258e-04,
           2.8091e-04, 2.2552e-04, 4.2298e-04, 7.3506e-04, 7.9508e-04,
           9.7525e-04, 4.1209e-04, 2.8192e-04, 4.8783e-04, 1.5440e-04,
           8.5327e-05, 5.1221e-05, 5.7889e-05, 1.1059e-04, 6.4485e-05,
           5.3886e-05, 1.0688e-05, 7.7804e-06, 1.1333e-05, 3.4463e-06,
           5.9251e-07, 8.4038e-08, 2.8439e-07],
          [5.2286e-07, 7.7142e-08, 7.4781e-06, 6.4667e-04, 2.7763e-03,
           4.6082e-03, 1.2594e-02, 3.8664e-02, 5.5195e-02, 6.7008e-02,
           8.2610e-02, 4.9391e-02, 4.0708e-02, 4.8824e-02, 2.4289e-02,
           2.2145e-02, 1.3632e-02, 1.2417e-02, 1.3533e-02, 5.9635e-03,
           4.7148e-03, 1.1428e-03, 8.1336e-04, 8.3273e-04, 1.4840e-04,
           3.6121e-05, 4.7137e-06, 3.8030e-06],
          [6.7063e-06, 9.0109e-06, 2.0018e-04, 1.9539e-03, 1.1886e-02,
           3.8853e-02, 1.1420e-01, 1.8202e-01, 2.4263e-01, 3.7498e-01,
           4.3337e-01, 4.0687e-01, 3.9614e-01, 3.5678e-01, 3.4471e-01,
           3.3314e-01, 3.1439e-01, 3.2758e-01, 2.8082e-01, 1.8946e-01,
           1.1502e-01, 4.0970e-02, 1.7223e-02, 4.3027e-03, 5.6915e-04,
           1.2843e-04, 1.0695e-05, 1.0354e-05],
          [1.1198e-04, 3.1723e-04, 3.5116e-03, 1.3465e-02, 5.4678e-02,
           1.2362e-01, 2.6600e-01, 4.1566e-01, 5.8474e-01, 6.9804e-01,
           7.4144e-01, 7.4160e-01, 7.2680e-01, 7.0340e-01, 7.0234e-01,
           7.2233e-01, 7.2577e-01, 7.3316e-01, 6.9451e-01, 5.9120e-01,
           3.7869e-01, 1.4684e-01, 3.9155e-02, 3.6399e-03, 4.2145e-04,
           8.6859e-05, 1.0109e-05, 1.6304e-05],
          [1.2836e-03, 2.3428e-03, 1.1944e-02, 3.2150e-02, 9.9333e-02,
           2.0890e-01, 3.8063e-01, 5.6449e-01, 7.3783e-01, 7.9682e-01,
           8.2128e-01, 8.0870e-01, 7.7789e-01, 7.8170e-01, 7.9097e-01,
           8.1341e-01, 8.3943e-01, 8.1915e-01, 8.3634e-01, 8.2047e-01,
           5.9702e-01, 2.9557e-01, 5.6365e-02, 2.7746e-03, 5.2184e-04,
           7.4783e-05, 4.4104e-06, 5.5996e-06],
          [1.2485e-03, 2.5729e-03, 1.3137e-02, 3.5733e-02, 9.8094e-02,
           1.9098e-01, 3.5377e-01, 4.7998e-01, 6.1124e-01, 6.9452e-01,
           7.0094e-01, 6.4493e-01, 5.8222e-01, 5.0701e-01, 4.8393e-01,
           5.4359e-01, 6.3353e-01, 7.2917e-01, 8.4002e-01, 8.6859e-01,
           6.9301e-01, 3.3329e-01, 4.4196e-02, 2.8919e-03, 1.0019e-03,
           6.2605e-05, 1.5318e-06, 1.5293e-06],
          [6.2868e-04, 8.3462e-04, 5.5678e-03, 1.9335e-02, 5.9773e-02,
           1.2161e-01, 2.4617e-01, 3.3709e-01, 3.9861e-01, 5.0072e-01,
           4.5499e-01, 3.3357e-01, 2.1471e-01, 1.9818e-01, 1.9426e-01,
           2.1295e-01, 3.2423e-01, 6.1435e-01, 8.4441e-01, 8.7527e-01,
           6.9834e-01, 2.7944e-01, 2.6931e-02, 2.5274e-03, 1.1918e-03,
           1.9890e-05, 2.8201e-07, 3.4679e-07],
          [1.7696e-04, 1.8454e-04, 1.6210e-03, 7.6401e-03, 2.8016e-02,
           6.3476e-02, 1.5087e-01, 2.4006e-01, 2.3958e-01, 2.8887e-01,
           2.3980e-01, 1.1771e-01, 6.3220e-02, 7.1957e-02, 7.4902e-02,
           8.3610e-02, 2.3496e-01, 6.3586e-01, 8.3316e-01, 8.5675e-01,
           5.7039e-01, 1.5193e-01, 1.1351e-02, 9.1281e-04, 5.0576e-04,
           7.3450e-06, 8.6093e-08, 1.5324e-07],
          [2.5957e-04, 2.8628e-04, 1.2841e-03, 2.6452e-03, 8.0946e-03,
           4.0960e-02, 7.9028e-02, 1.0414e-01, 1.1426e-01, 6.9608e-02,
           3.4858e-02, 1.3553e-02, 1.0108e-02, 1.7806e-02, 1.7679e-02,
           4.0224e-02, 2.5773e-01, 7.1042e-01, 8.4848e-01, 7.9683e-01,
           3.5224e-01, 6.8019e-02, 5.9828e-03, 1.1409e-03, 1.1806e-03,
           2.6672e-05, 7.1804e-07, 2.6294e-06],
          [1.5106e-03, 1.0031e-03, 2.0371e-03, 1.4212e-03, 3.5781e-03,
           9.7759e-03, 4.9993e-03, 6.2318e-03, 9.7686e-03, 3.0250e-03,
           1.4616e-03, 1.0640e-03, 9.7712e-04, 3.0446e-03, 1.0140e-02,
           7.8310e-02, 4.6862e-01, 7.8123e-01, 8.0375e-01, 5.7651e-01,
           1.6944e-01, 3.9676e-02, 6.6394e-03, 3.0917e-03, 5.1788e-03,
           6.0277e-04, 5.0623e-05, 1.0907e-04],
          [7.0824e-03, 7.5458e-04, 1.5290e-03, 1.0754e-03, 1.0141e-03,
           1.4948e-03, 1.8732e-04, 1.3948e-04, 3.0520e-04, 1.1099e-04,
           1.3189e-04, 2.8572e-04, 4.0898e-04, 2.3861e-03, 2.7331e-02,
           2.3133e-01, 7.1785e-01, 8.3443e-01, 7.1486e-01, 3.5251e-01,
           8.2908e-02, 2.3047e-02, 6.8527e-03, 7.9708e-03, 9.6406e-03,
           4.8760e-03, 1.5727e-03, 5.4490e-04],
          [2.7793e-03, 9.6101e-05, 2.4314e-04, 1.2586e-04, 5.3222e-05,
           7.2383e-05, 6.0070e-06, 3.4153e-06, 2.0281e-05, 2.6257e-05,
           4.9507e-05, 2.1792e-04, 6.0291e-04, 6.7734e-03, 9.0219e-02,
           5.1791e-01, 8.8067e-01, 8.6599e-01, 5.8664e-01, 1.4896e-01,
           3.1905e-02, 7.9577e-03, 3.5145e-03, 4.4039e-03, 2.1998e-03,
           1.7467e-03, 1.1207e-03, 3.2537e-04],
          [3.4161e-04, 2.0720e-06, 6.7098e-06, 4.6391e-06, 1.7559e-06,
           3.8901e-06, 9.5397e-07, 1.5407e-06, 1.5027e-05, 2.9924e-05,
           8.0734e-05, 5.3550e-04, 2.3328e-03, 2.2336e-02, 2.3128e-01,
           7.5182e-01, 9.2116e-01, 8.1650e-01, 3.4840e-01, 7.7935e-02,
           1.6135e-02, 4.8296e-03, 7.9730e-04, 1.1066e-04, 2.5378e-05,
           1.7875e-05, 1.5648e-05, 3.2358e-06],
          [2.5678e-05, 3.8504e-08, 8.9214e-08, 8.2068e-08, 1.8333e-08,
           1.1745e-07, 1.8216e-07, 5.3012e-07, 4.6202e-06, 1.3589e-05,
           6.6836e-05, 6.0214e-04, 5.1966e-03, 7.6335e-02, 5.6719e-01,
           8.9365e-01, 9.1334e-01, 6.7509e-01, 1.6243e-01, 3.1990e-02,
           5.0283e-03, 5.3650e-04, 1.2766e-05, 1.6876e-07, 2.6599e-08,
           7.8008e-09, 7.8044e-09, 1.2094e-08],
          [1.7667e-06, 1.3825e-09, 2.3143e-09, 1.5350e-09, 2.2955e-10,
           2.4749e-09, 6.9912e-09, 6.9559e-09, 1.0238e-07, 1.4961e-06,
           2.9731e-05, 6.9594e-04, 1.1903e-02, 2.4817e-01, 8.4106e-01,
           9.4278e-01, 8.4882e-01, 4.1495e-01, 5.7264e-02, 1.0484e-02,
           1.4109e-03, 5.2423e-05, 5.5961e-07, 9.0530e-09, 3.6465e-10,
           2.9544e-11, 1.7543e-11, 5.1742e-11],
          [1.8386e-07, 1.2254e-10, 1.7179e-10, 6.9201e-11, 8.3206e-12,
           4.3545e-11, 7.3884e-11, 7.5725e-11, 2.3724e-09, 1.2810e-07,
           1.0894e-05, 1.2414e-03, 3.5321e-02, 5.2933e-01, 9.1841e-01,
           9.2077e-01, 5.9646e-01, 1.1494e-01, 1.3784e-02, 3.5527e-03,
           6.3463e-04, 5.7517e-05, 2.0223e-06, 2.9025e-08, 1.9282e-10,
           2.0184e-12, 3.6824e-13, 1.4536e-12],
          [1.6678e-08, 5.0346e-11, 3.8718e-11, 1.2660e-11, 2.1345e-12,
           4.9151e-12, 1.9679e-12, 5.8081e-13, 8.9650e-11, 3.2371e-08,
           1.7059e-05, 6.6379e-03, 1.8022e-01, 8.4176e-01, 9.4536e-01,
           8.0653e-01, 2.3827e-01, 3.0774e-02, 4.2817e-03, 5.3636e-04,
           1.4777e-04, 5.6420e-05, 3.1179e-06, 2.5760e-08, 7.9168e-11,
           2.2798e-12, 5.5845e-14, 4.8658e-14],
          [1.3832e-08, 4.0365e-11, 1.3090e-11, 1.4792e-11, 9.7526e-12,
           1.1813e-11, 1.0878e-12, 1.7081e-13, 1.0175e-10, 1.7388e-07,
           1.6398e-04, 5.4878e-02, 5.5504e-01, 9.2779e-01, 9.2072e-01,
           5.2379e-01, 6.6482e-02, 7.0874e-03, 8.1082e-04, 7.4983e-05,
           5.0921e-05, 4.3269e-05, 2.1462e-06, 3.8499e-08, 2.5299e-10,
           1.2571e-11, 3.4900e-14, 6.6174e-15],
          [1.8484e-08, 6.0236e-11, 9.9685e-12, 7.3305e-11, 1.8481e-10,
           5.8092e-11, 7.4839e-12, 3.7401e-11, 2.1095e-08, 1.4215e-05,
           5.1231e-03, 2.5404e-01, 8.1059e-01, 9.2299e-01, 8.0344e-01,
           2.3097e-01, 2.6561e-02, 3.3990e-03, 3.8870e-04, 2.2623e-05,
           3.2360e-05, 2.4487e-05, 8.8915e-07, 4.2204e-08, 1.4803e-09,
           1.2868e-10, 1.0372e-13, 3.7630e-14],
          [5.0781e-08, 1.5075e-10, 1.9642e-11, 4.3701e-10, 4.5547e-09,
           5.4059e-09, 8.5066e-09, 1.0358e-07, 5.4414e-06, 5.0897e-04,
           4.0940e-02, 4.3739e-01, 8.2158e-01, 8.6901e-01, 6.5729e-01,
           1.3762e-01, 1.9058e-02, 3.3622e-03, 5.2416e-04, 1.8050e-05,
           2.4637e-05, 1.5712e-05, 4.5558e-07, 8.1761e-08, 1.2743e-08,
           3.0910e-09, 5.0199e-12, 7.0127e-13],
          [9.2973e-08, 6.2176e-11, 1.2128e-11, 3.1510e-10, 1.2050e-08,
           1.1035e-07, 1.7408e-06, 2.3422e-05, 1.3931e-04, 5.6146e-03,
           9.2449e-02, 5.5097e-01, 8.2113e-01, 7.8043e-01, 4.3660e-01,
           8.1266e-02, 1.0688e-02, 1.9348e-03, 3.3610e-04, 9.4548e-06,
           1.6338e-05, 1.0012e-05, 3.4109e-07, 8.3377e-08, 3.0975e-08,
           4.7237e-09, 8.0802e-11, 9.1293e-11],
          [3.4718e-08, 2.3906e-11, 1.1067e-11, 1.0131e-10, 8.4853e-09,
           2.3682e-07, 4.8083e-06, 1.8234e-04, 7.1313e-04, 1.3515e-02,
           1.0066e-01, 4.2449e-01, 6.1236e-01, 4.8882e-01, 2.1186e-01,
           5.0358e-02, 8.2422e-03, 1.2610e-03, 3.0822e-04, 2.0622e-05,
           3.7668e-05, 2.4881e-05, 6.5473e-07, 4.5244e-08, 1.4573e-08,
           8.6148e-09, 3.7218e-09, 1.0079e-08],
          [6.8456e-08, 3.7519e-10, 1.6000e-10, 7.8331e-10, 4.7990e-08,
           9.2255e-07, 1.1873e-05, 3.3798e-04, 8.4522e-04, 7.0660e-03,
           2.3393e-02, 8.0845e-02, 9.1700e-02, 7.8246e-02, 4.8888e-02,
           1.6754e-02, 3.2425e-03, 4.5093e-04, 1.4498e-04, 4.2643e-05,
           1.2290e-04, 5.5261e-05, 2.9257e-06, 1.3935e-07, 4.3796e-08,
           9.3474e-08, 1.3926e-07, 1.8083e-06]]]])
--- 1.5243773460388184 seconds ---
