exec device =  cpu
verification device =  cpu
/leonardo/home/userexternal/fgiacoma/repos/Latent_Distilled_Diffusion_4_Cert/Cert_algs
/leonardo/home/userexternal/fgiacoma/repos/Latent_Distilled_Diffusion_4_Cert
verification device =  cpu
exec device =  cpu
test_data size:  157
Autoencoder loaded from: ./save/fVAE/fVAE_137/vae_model.pth
loading model from path:  /leonardo/home/userexternal/fgiacoma/repos/Latent_Distilled_Diffusion_4_Cert/save/MNIST/DIFF/ID_UNC405/fullmodel.pth
x device is cpu
False
xx device is cpu
xx shape is torch.Size([64, 2, 1])
latent shape:  torch.Size([1, 2, 1])
z pivot shape =  torch.Size([1, 2, 1])
vanilla test started
Original model prediction: tensor([[-14.3102, -10.5999,  -9.8475,  -0.1730,  -8.5604,   1.9418,  -8.4588,
         -12.6543,   9.8343,   0.0163]])
INFO     23:47:05     Converting the model...
INFO     23:47:37     Model converted to support bounds
Model prediction: tensor([[-14.3102, -10.5998,  -9.8475,  -0.1730,  -8.5604,   1.9418,  -8.4587,
         -12.6542,   9.8343,   0.0163]])
Bounding method: backward (CROWN, DeepPoly)
lb = tensor([[-1.4322e+01, -1.0610e+01, -9.8503e+00, -1.7655e-01, -8.5652e+00,
          1.9381e+00, -8.4634e+00, -1.2666e+01,  9.8243e+00,  7.3712e-03]]), ub = tensor([[-14.2990, -10.5896,  -9.8461,  -0.1689,  -8.5555,   1.9458,  -8.4551,
         -12.6439,   9.8444,   0.0250]])
--- 301.45530104637146 seconds ---
