Autoencoder loaded from: ./save/fVAE/fVAE_201/vae_model.pth
Training classifier on VAE latent representations...
Epoch [1/30] - Loss: 1207.8692 - Accuracy: 59.73%
Epoch [2/30] - Loss: 869.3637 - Accuracy: 70.08%
Epoch [3/30] - Loss: 826.5723 - Accuracy: 70.83%
Epoch [4/30] - Loss: 807.7920 - Accuracy: 71.01%
Epoch [5/30] - Loss: 799.1468 - Accuracy: 71.25%
Epoch [6/30] - Loss: 793.5198 - Accuracy: 71.29%
Epoch [7/30] - Loss: 787.1692 - Accuracy: 71.46%
Epoch [8/30] - Loss: 783.6911 - Accuracy: 71.27%
Epoch [9/30] - Loss: 780.3929 - Accuracy: 71.39%
Epoch [10/30] - Loss: 775.5786 - Accuracy: 71.48%
Epoch [11/30] - Loss: 770.3099 - Accuracy: 71.45%
Epoch [12/30] - Loss: 768.5519 - Accuracy: 71.52%
Epoch [13/30] - Loss: 765.5269 - Accuracy: 71.58%
Epoch [14/30] - Loss: 763.7550 - Accuracy: 71.59%
Epoch [15/30] - Loss: 761.4936 - Accuracy: 71.49%
Epoch [16/30] - Loss: 759.9829 - Accuracy: 71.56%
Epoch [17/30] - Loss: 758.3014 - Accuracy: 71.57%
Epoch [18/30] - Loss: 755.5990 - Accuracy: 71.75%
Epoch [19/30] - Loss: 755.0697 - Accuracy: 71.55%
Epoch [20/30] - Loss: 753.6615 - Accuracy: 71.59%
Epoch [21/30] - Loss: 751.7898 - Accuracy: 71.72%
Epoch [22/30] - Loss: 752.0959 - Accuracy: 71.81%
Epoch [23/30] - Loss: 751.1059 - Accuracy: 71.70%
Epoch [24/30] - Loss: 751.5083 - Accuracy: 71.64%
Epoch [25/30] - Loss: 749.9012 - Accuracy: 71.77%
Epoch [26/30] - Loss: 749.8565 - Accuracy: 71.67%
Epoch [27/30] - Loss: 747.7748 - Accuracy: 71.67%
Epoch [28/30] - Loss: 749.0826 - Accuracy: 71.72%
Epoch [29/30] - Loss: 748.1964 - Accuracy: 71.65%
Epoch [30/30] - Loss: 747.2008 - Accuracy: 71.66%
Final Test Accuracy: 70.39%
Training classifier on original MNIST images...
Epoch [1/30] - Loss: 291.5236 - Accuracy: 91.22%
Epoch [2/30] - Loss: 116.6243 - Accuracy: 96.25%
Epoch [3/30] - Loss: 78.6179 - Accuracy: 97.48%
Epoch [4/30] - Loss: 55.4572 - Accuracy: 98.13%
Epoch [5/30] - Loss: 41.7602 - Accuracy: 98.59%
Epoch [6/30] - Loss: 31.9823 - Accuracy: 98.91%
Epoch [7/30] - Loss: 25.1718 - Accuracy: 99.15%
Epoch [8/30] - Loss: 22.8381 - Accuracy: 99.17%
Epoch [9/30] - Loss: 16.1390 - Accuracy: 99.47%
Epoch [10/30] - Loss: 14.2789 - Accuracy: 99.50%
Epoch [11/30] - Loss: 12.9914 - Accuracy: 99.55%
Epoch [12/30] - Loss: 13.1131 - Accuracy: 99.55%
Epoch [13/30] - Loss: 11.2852 - Accuracy: 99.58%
Epoch [14/30] - Loss: 8.3651 - Accuracy: 99.70%
Epoch [15/30] - Loss: 7.5844 - Accuracy: 99.73%
Epoch [16/30] - Loss: 9.1068 - Accuracy: 99.67%
Epoch [17/30] - Loss: 7.5228 - Accuracy: 99.71%
Epoch [18/30] - Loss: 6.9598 - Accuracy: 99.74%
Epoch [19/30] - Loss: 8.6482 - Accuracy: 99.71%
Epoch [20/30] - Loss: 5.8724 - Accuracy: 99.77%
Epoch [21/30] - Loss: 4.3635 - Accuracy: 99.85%
Epoch [22/30] - Loss: 8.1426 - Accuracy: 99.74%
Epoch [23/30] - Loss: 7.1696 - Accuracy: 99.78%
Epoch [24/30] - Loss: 7.6689 - Accuracy: 99.71%
Epoch [25/30] - Loss: 4.3134 - Accuracy: 99.84%
Epoch [26/30] - Loss: 5.6552 - Accuracy: 99.82%
Epoch [27/30] - Loss: 6.4279 - Accuracy: 99.76%
Epoch [28/30] - Loss: 3.6281 - Accuracy: 99.89%
Epoch [29/30] - Loss: 7.1602 - Accuracy: 99.78%
Epoch [30/30] - Loss: 4.4682 - Accuracy: 99.83%
Image Classifier Accuracy on VAE Reconstructions: 69.71%
Autoencoder loaded from: ./save/fVAE/fVAE_137/vae_model.pth
Training classifier on VAE latent representations...
Epoch [1/30] - Loss: 1114.1079 - Accuracy: 62.06%
Epoch [2/30] - Loss: 808.9123 - Accuracy: 70.57%
Epoch [3/30] - Loss: 764.9800 - Accuracy: 71.31%
Epoch [4/30] - Loss: 746.2061 - Accuracy: 71.66%
Epoch [5/30] - Loss: 732.7692 - Accuracy: 71.96%
Epoch [6/30] - Loss: 725.2217 - Accuracy: 72.21%
Epoch [7/30] - Loss: 719.8126 - Accuracy: 72.22%
Epoch [8/30] - Loss: 713.6087 - Accuracy: 72.29%
Epoch [9/30] - Loss: 706.6452 - Accuracy: 72.53%
Epoch [10/30] - Loss: 707.7797 - Accuracy: 72.39%
Epoch [11/30] - Loss: 702.8489 - Accuracy: 72.43%
Epoch [12/30] - Loss: 701.7082 - Accuracy: 72.63%
Epoch [13/30] - Loss: 700.6364 - Accuracy: 72.45%
Epoch [14/30] - Loss: 700.8373 - Accuracy: 72.47%
Epoch [15/30] - Loss: 697.5037 - Accuracy: 72.60%
Epoch [16/30] - Loss: 695.8039 - Accuracy: 72.52%
Epoch [17/30] - Loss: 696.5664 - Accuracy: 72.49%
Epoch [18/30] - Loss: 693.9933 - Accuracy: 72.47%
Epoch [19/30] - Loss: 694.2954 - Accuracy: 72.69%
Epoch [20/30] - Loss: 693.4184 - Accuracy: 72.75%
Epoch [21/30] - Loss: 692.0216 - Accuracy: 72.73%
Epoch [22/30] - Loss: 690.5730 - Accuracy: 72.48%
Epoch [23/30] - Loss: 689.4961 - Accuracy: 72.69%
Epoch [24/30] - Loss: 691.8934 - Accuracy: 72.51%
Epoch [25/30] - Loss: 690.3722 - Accuracy: 72.74%
Epoch [26/30] - Loss: 688.8551 - Accuracy: 72.61%
Epoch [27/30] - Loss: 688.4658 - Accuracy: 72.71%
Epoch [28/30] - Loss: 685.2023 - Accuracy: 72.80%
Epoch [29/30] - Loss: 685.3141 - Accuracy: 72.77%
Epoch [30/30] - Loss: 685.7561 - Accuracy: 72.72%
Final Test Accuracy: 71.42%
Training classifier on original MNIST images...
Epoch [1/30] - Loss: 281.1605 - Accuracy: 91.66%
Epoch [2/30] - Loss: 107.5482 - Accuracy: 96.62%
Epoch [3/30] - Loss: 72.7314 - Accuracy: 97.62%
Epoch [4/30] - Loss: 54.7438 - Accuracy: 98.09%
Epoch [5/30] - Loss: 40.6697 - Accuracy: 98.64%
Epoch [6/30] - Loss: 32.8887 - Accuracy: 98.86%
Epoch [7/30] - Loss: 24.4012 - Accuracy: 99.17%
Epoch [8/30] - Loss: 20.7957 - Accuracy: 99.29%
Epoch [9/30] - Loss: 18.2083 - Accuracy: 99.32%
Epoch [10/30] - Loss: 14.1223 - Accuracy: 99.51%
Epoch [11/30] - Loss: 13.9272 - Accuracy: 99.50%
Epoch [12/30] - Loss: 14.1476 - Accuracy: 99.50%
Epoch [13/30] - Loss: 8.0827 - Accuracy: 99.71%
Epoch [14/30] - Loss: 9.7163 - Accuracy: 99.66%
Epoch [15/30] - Loss: 11.0063 - Accuracy: 99.60%
Epoch [16/30] - Loss: 7.0538 - Accuracy: 99.75%
Epoch [17/30] - Loss: 9.1498 - Accuracy: 99.69%
Epoch [18/30] - Loss: 6.6960 - Accuracy: 99.77%
Epoch [19/30] - Loss: 6.7225 - Accuracy: 99.78%
Epoch [20/30] - Loss: 6.4299 - Accuracy: 99.77%
Epoch [21/30] - Loss: 6.6654 - Accuracy: 99.75%
Epoch [22/30] - Loss: 6.7062 - Accuracy: 99.79%
Epoch [23/30] - Loss: 8.7577 - Accuracy: 99.70%
Epoch [24/30] - Loss: 5.2908 - Accuracy: 99.81%
Epoch [25/30] - Loss: 5.2587 - Accuracy: 99.79%
Epoch [26/30] - Loss: 6.4132 - Accuracy: 99.81%
Epoch [27/30] - Loss: 4.0065 - Accuracy: 99.87%
Epoch [28/30] - Loss: 6.8884 - Accuracy: 99.75%
Epoch [29/30] - Loss: 5.6198 - Accuracy: 99.80%
Epoch [30/30] - Loss: 5.9891 - Accuracy: 99.82%
Image Classifier Accuracy on VAE Reconstructions: 70.78%
